[25-10-02 16:32:31.847] [main] [info] log starting at 2025-10-02T15:32:31.847Z
[25-10-02 16:32:31.847] [jupiter] [info] log starting at 2025-10-02T15:32:31.847Z
[25-10-02 16:32:31.847] [zenclient] [info] log starting at 2025-10-02T15:32:31.847Z
[25-10-02 16:32:31.847] [jupiter] [info] server session id: 08f0350f145add0e931a4edd
[25-10-02 16:32:31.847] [main] [info] server session id: 08f0350f145add0e931a4edd
[25-10-02 16:32:31.847] [zenclient] [info] server session id: 08f0350f145add0e931a4edd
[25-10-02 16:32:31.847] [main] [info] Command line: C:\Users\idhant\AppData\Local\UnrealEngine\Common\Zen\Install\zenserver.exe --port 8558 --data-dir E:\Projects\UNREAL\Fate\FateShooter\ProjectFate\LocalDerivedDataCache --http asio --gc-cache-duration-seconds 1209600 --gc-interval-seconds 21600 --gc-low-diskspace-threshold 2147483648 --quiet --http-forceloopback --owner-pid 14968 --child-id Zen_14968_Startup
[25-10-02 16:32:31.847] [main] [info] sentry initialized with anonymous reports
[25-10-02 16:32:31.847] [main] [info] Unreal Zen Storage Server - using lock file at 'E:\Projects\UNREAL\Fate\FateShooter\ProjectFate\LocalDerivedDataCache\.lock'
[25-10-02 16:32:31.847] [main] [info] Unreal Zen Storage Server - starting on port 8558, version '5.6.6-202504241958-windows-x64-release-f090a03'
[25-10-02 16:32:31.848] [main] [info] Using parent pid #14968 to control process lifetime
[25-10-02 16:32:31.851] [main] [info] using asio HTTP server implementation
[25-10-02 16:32:31.851] [main] [info] any debug payloads will be written to 'E:\Projects\UNREAL\Fate\FateShooter\ProjectFate\LocalDerivedDataCache\debug\08f0350f145add0e931a4edd'
[25-10-02 16:32:31.851] [asio] [info] starting asio http with 12 service threads
[25-10-02 16:32:31.851] [asio] [info] Registered local-only handler 'http://localhost:8558/' - this is not accessible from remote hosts
[25-10-02 16:32:31.851] [asio] [info] Started asio server at 'http://[::1]:8558'
[25-10-02 16:32:31.852] [asio] [info] asio http started (port 8558)
[25-10-02 16:32:31.852] [main] [warning] using default encryption key
[25-10-02 16:32:31.852] [main] [warning] using default encryption initialization vector
[25-10-02 16:32:31.853] [main] [info] initializing storage
[25-10-02 16:32:31.853] [main] [info] initializing CAS pool at 'E:\Projects\UNREAL\Fate\FateShooter\ProjectFate\LocalDerivedDataCache\cas'
[25-10-02 16:32:31.856] [filecas] [info] read store 'E:\Projects\UNREAL\Fate\FateShooter\ProjectFate\LocalDerivedDataCache\cas\cas.ulog' log containing 0 entries in 0ms
[25-10-02 16:32:31.860] [containercas] [info] read store 'E:\Projects\UNREAL\Fate\FateShooter\ProjectFate\LocalDerivedDataCache\cas\tobs\tobs.uidx' index containing 20193 entries in 3ms
[25-10-02 16:32:31.861] [containercas] [info] read store 'E:\Projects\UNREAL\Fate\FateShooter\ProjectFate\LocalDerivedDataCache\cas\tobs' log containing 18 entries in 0ms
[25-10-02 16:32:31.862] [containercas] [info] read store 'E:\Projects\UNREAL\Fate\FateShooter\ProjectFate\LocalDerivedDataCache\cas\sobs\sobs.uidx' index containing 14729 entries in 4ms
[25-10-02 16:32:31.863] [containercas] [info] read store 'E:\Projects\UNREAL\Fate\FateShooter\ProjectFate\LocalDerivedDataCache\cas\sobs' log containing 10 entries in 1ms
[25-10-02 16:32:31.870] [containercas] [info] wrote store snapshot for 'E:\Projects\UNREAL\Fate\FateShooter\ProjectFate\LocalDerivedDataCache\cas\tobs' containing 20202 entries in 7ms
[25-10-02 16:32:31.872] [containercas] [info] wrote store snapshot for 'E:\Projects\UNREAL\Fate\FateShooter\ProjectFate\LocalDerivedDataCache\cas\sobs' containing 14734 entries in 8ms
[25-10-02 16:32:31.872] [main] [info] instantiating project service
[25-10-02 16:32:31.872] [project] [info] initializing project store at 'E:\Projects\UNREAL\Fate\FateShooter\ProjectFate\LocalDerivedDataCache\projects'
[25-10-02 16:32:31.873] [fs] [info] Initializing Workspaces Service
[25-10-02 16:32:31.873] [main] [info] instantiating structured cache service
[25-10-02 16:32:31.873] [main] [info] initializing cache store at 'E:\Projects\UNREAL\Fate\FateShooter\ProjectFate\LocalDerivedDataCache\cache'
[25-10-02 16:32:31.873] [main] [info] Found 2 namespaces in 'E:\Projects\UNREAL\Fate\FateShooter\ProjectFate\LocalDerivedDataCache\cache'
[25-10-02 16:32:31.873] [main] [info] initializing structured cache at 'E:\Projects\UNREAL\Fate\FateShooter\ProjectFate\LocalDerivedDataCache\cache\ns_ue.ddc'
[25-10-02 16:32:31.873] [main] [info] Discovered bucket 'animationsequence'
[25-10-02 16:32:31.873] [main] [info] Discovered bucket 'bulkdatalist'
[25-10-02 16:32:31.873] [main] [info] Discovered bucket 'bulkdatapayloadid'
[25-10-02 16:32:31.873] [main] [info] Discovered bucket 'fshaderjobcacheshaders'
[25-10-02 16:32:31.873] [main] [info] Discovered bucket 'globalshadermap'
[25-10-02 16:32:31.873] [main] [info] Discovered bucket 'legacyaudio'
[25-10-02 16:32:31.873] [main] [info] Discovered bucket 'legacycard'
[25-10-02 16:32:31.873] [main] [info] Discovered bucket 'legacychaosgeometrydata'
[25-10-02 16:32:31.873] [main] [info] Discovered bucket 'legacyckersm'
[25-10-02 16:32:31.873] [main] [info] Discovered bucket 'legacydist'
[25-10-02 16:32:31.873] [main] [info] Discovered bucket 'legacygeometrycollection'
[25-10-02 16:32:31.873] [main] [info] Discovered bucket 'legacynavcollision'
[25-10-02 16:32:31.873] [main] [info] Discovered bucket 'legacyniagarascriptderiveddata'
[25-10-02 16:32:31.873] [main] [info] Discovered bucket 'legacyniagarasm'
[25-10-02 16:32:31.873] [main] [info] Discovered bucket 'legacyskeletalmesh'
[25-10-02 16:32:31.873] [main] [info] Discovered bucket 'legacystreamedaudio'
[25-10-02 16:32:31.873] [main] [info] Discovered bucket 'legacytexture'
[25-10-02 16:32:31.873] [main] [info] Discovered bucket 'materialshadermap'
[25-10-02 16:32:31.873] [main] [info] Discovered bucket 'materialtranslation'
[25-10-02 16:32:31.873] [main] [info] Discovered bucket 'staticmesh'
[25-10-02 16:32:31.876] [main] [info] read store 'E:\Projects\UNREAL\Fate\FateShooter\ProjectFate\LocalDerivedDataCache\cache\ns_ue.ddc\legacyaudio\legacyaudio.uidx' index containing 11 entries in 0ms
[25-10-02 16:32:31.876] [main] [info] read store 'E:\Projects\UNREAL\Fate\FateShooter\ProjectFate\LocalDerivedDataCache\cache\ns_ue.ddc\animationsequence\animationsequence.uidx' index containing 37 entries in 0ms
[25-10-02 16:32:31.876] [main] [info] read store 'E:\Projects\UNREAL\Fate\FateShooter\ProjectFate\LocalDerivedDataCache\cache\ns_ue.ddc\globalshadermap\globalshadermap.uidx' index containing 1268 entries in 0ms
[25-10-02 16:32:31.876] [main] [info] read store 'E:\Projects\UNREAL\Fate\FateShooter\ProjectFate\LocalDerivedDataCache\cache\ns_ue.ddc\animationsequence\animationsequence.slog' log containing 0 entries in 0ms
[25-10-02 16:32:31.877] [main] [info] read store 'E:\Projects\UNREAL\Fate\FateShooter\ProjectFate\LocalDerivedDataCache\cache\ns_ue.ddc\legacydist\legacydist.uidx' index containing 109 entries in 0ms
[25-10-02 16:32:31.877] [main] [info] read store 'E:\Projects\UNREAL\Fate\FateShooter\ProjectFate\LocalDerivedDataCache\cache\ns_ue.ddc\legacyaudio\legacyaudio.slog' log containing 0 entries in 0ms
[25-10-02 16:32:31.877] [main] [info] read store 'E:\Projects\UNREAL\Fate\FateShooter\ProjectFate\LocalDerivedDataCache\cache\ns_ue.ddc\legacycard\legacycard.uidx' index containing 109 entries in 0ms
[25-10-02 16:32:31.877] [main] [info] read store 'E:\Projects\UNREAL\Fate\FateShooter\ProjectFate\LocalDerivedDataCache\cache\ns_ue.ddc\bulkdatapayloadid\bulkdatapayloadid.uidx' index containing 23 entries in 0ms
[25-10-02 16:32:31.877] [main] [info] read store 'E:\Projects\UNREAL\Fate\FateShooter\ProjectFate\LocalDerivedDataCache\cache\ns_ue.ddc\legacyckersm\legacyckersm.uidx' index containing 6 entries in 0ms
[25-10-02 16:32:31.878] [main] [info] read store 'E:\Projects\UNREAL\Fate\FateShooter\ProjectFate\LocalDerivedDataCache\cache\ns_ue.ddc\legacynavcollision\legacynavcollision.uidx' index containing 109 entries in 0ms
[25-10-02 16:32:31.878] [main] [info] read store 'E:\Projects\UNREAL\Fate\FateShooter\ProjectFate\LocalDerivedDataCache\cache\ns_ue.ddc\legacygeometrycollection\legacygeometrycollection.uidx' index containing 7 entries in 0ms
[25-10-02 16:32:31.878] [main] [info] read store 'E:\Projects\UNREAL\Fate\FateShooter\ProjectFate\LocalDerivedDataCache\cache\ns_ue.ddc\legacyckersm\legacyckersm.slog' log containing 0 entries in 0ms
[25-10-02 16:32:31.878] [main] [info] read store 'E:\Projects\UNREAL\Fate\FateShooter\ProjectFate\LocalDerivedDataCache\cache\ns_ue.ddc\legacygeometrycollection\legacygeometrycollection.slog' log containing 16 entries in 0ms
[25-10-02 16:32:31.878] [main] [info] read store 'E:\Projects\UNREAL\Fate\FateShooter\ProjectFate\LocalDerivedDataCache\cache\ns_ue.ddc\legacydist\legacydist.slog' log containing 222 entries in 0ms
[25-10-02 16:32:31.879] [main] [info] read store 'E:\Projects\UNREAL\Fate\FateShooter\ProjectFate\LocalDerivedDataCache\cache\ns_ue.ddc\legacyniagarascriptderiveddata\legacyniagarascriptderiveddata.uidx' index containing 61 entries in 0ms
[25-10-02 16:32:31.879] [main] [info] read store 'E:\Projects\UNREAL\Fate\FateShooter\ProjectFate\LocalDerivedDataCache\cache\ns_ue.ddc\legacyskeletalmesh\legacyskeletalmesh.uidx' index containing 13 entries in 0ms
[25-10-02 16:32:31.879] [main] [info] read store 'E:\Projects\UNREAL\Fate\FateShooter\ProjectFate\LocalDerivedDataCache\cache\ns_ue.ddc\legacynavcollision\legacynavcollision.slog' log containing 222 entries in 0ms
[25-10-02 16:32:31.879] [main] [info] read store 'E:\Projects\UNREAL\Fate\FateShooter\ProjectFate\LocalDerivedDataCache\cache\ns_ue.ddc\legacycard\legacycard.slog' log containing 222 entries in 1ms
[25-10-02 16:32:31.879] [main] [info] read store 'E:\Projects\UNREAL\Fate\FateShooter\ProjectFate\LocalDerivedDataCache\cache\ns_ue.ddc\globalshadermap\globalshadermap.slog' log containing 2218 entries in 0ms
[25-10-02 16:32:31.880] [main] [info] read store 'E:\Projects\UNREAL\Fate\FateShooter\ProjectFate\LocalDerivedDataCache\cache\ns_ue.ddc\bulkdatapayloadid\bulkdatapayloadid.slog' log containing 50 entries in 0ms
[25-10-02 16:32:31.881] [main] [info] read store 'E:\Projects\UNREAL\Fate\FateShooter\ProjectFate\LocalDerivedDataCache\cache\ns_ue.ddc\legacychaosgeometrydata\legacychaosgeometrydata.uidx' index containing 1 entries in 0ms
[25-10-02 16:32:31.881] [main] [info] read store 'E:\Projects\UNREAL\Fate\FateShooter\ProjectFate\LocalDerivedDataCache\cache\ns_ue.ddc\legacyniagarasm\legacyniagarasm.uidx' index containing 20 entries in 0ms
[25-10-02 16:32:31.881] [main] [info] read store 'E:\Projects\UNREAL\Fate\FateShooter\ProjectFate\LocalDerivedDataCache\cache\ns_ue.ddc\legacyskeletalmesh\legacyskeletalmesh.slog' log containing 37 entries in 0ms
[25-10-02 16:32:31.881] [main] [info] read store 'E:\Projects\UNREAL\Fate\FateShooter\ProjectFate\LocalDerivedDataCache\cache\ns_ue.ddc\legacytexture\legacytexture.uidx' index containing 555 entries in 0ms
[25-10-02 16:32:31.881] [main] [info] read store 'E:\Projects\UNREAL\Fate\FateShooter\ProjectFate\LocalDerivedDataCache\cache\ns_ue.ddc\staticmesh\staticmesh.uidx' index containing 109 entries in 0ms
[25-10-02 16:32:31.881] [main] [info] read store 'E:\Projects\UNREAL\Fate\FateShooter\ProjectFate\LocalDerivedDataCache\cache\ns_ue.ddc\legacyniagarascriptderiveddata\legacyniagarascriptderiveddata.slog' log containing 696 entries in 0ms
[25-10-02 16:32:31.882] [main] [info] read store 'E:\Projects\UNREAL\Fate\FateShooter\ProjectFate\LocalDerivedDataCache\cache\ns_ue.ddc\legacystreamedaudio\legacystreamedaudio.uidx' index containing 33 entries in 0ms
[25-10-02 16:32:31.882] [main] [info] read store 'E:\Projects\UNREAL\Fate\FateShooter\ProjectFate\LocalDerivedDataCache\cache\ns_ue.ddc\materialshadermap\materialshadermap.uidx' index containing 276 entries in 0ms
[25-10-02 16:32:31.882] [main] [info] read store 'E:\Projects\UNREAL\Fate\FateShooter\ProjectFate\LocalDerivedDataCache\cache\ns_ue.ddc\legacychaosgeometrydata\legacychaosgeometrydata.slog' log containing 0 entries in 0ms
[25-10-02 16:32:31.882] [main] [info] read store 'E:\Projects\UNREAL\Fate\FateShooter\ProjectFate\LocalDerivedDataCache\cache\ns_ue.ddc\legacytexture\legacytexture.slog' log containing 1416 entries in 0ms
[25-10-02 16:32:31.883] [main] [info] read store 'E:\Projects\UNREAL\Fate\FateShooter\ProjectFate\LocalDerivedDataCache\cache\ns_ue.ddc\legacystreamedaudio\legacystreamedaudio.slog' log containing 0 entries in 0ms
[25-10-02 16:32:31.883] [main] [info] read store 'E:\Projects\UNREAL\Fate\FateShooter\ProjectFate\LocalDerivedDataCache\cache\ns_ue.ddc\legacyniagarasm\legacyniagarasm.slog' log containing 93 entries in 0ms
[25-10-02 16:32:31.883] [main] [info] read store 'E:\Projects\UNREAL\Fate\FateShooter\ProjectFate\LocalDerivedDataCache\cache\ns_ue.ddc\staticmesh\staticmesh.slog' log containing 290 entries in 0ms
[25-10-02 16:32:31.883] [main] [info] read store 'E:\Projects\UNREAL\Fate\FateShooter\ProjectFate\LocalDerivedDataCache\cache\ns_ue.ddc\materialshadermap\materialshadermap.slog' log containing 560 entries in 0ms
[25-10-02 16:32:31.883] [main] [info] read store 'E:\Projects\UNREAL\Fate\FateShooter\ProjectFate\LocalDerivedDataCache\cache\ns_ue.ddc\bulkdatalist\bulkdatalist.uidx' index containing 3315 entries in 1ms
[25-10-02 16:32:31.883] [main] [info] read store 'E:\Projects\UNREAL\Fate\FateShooter\ProjectFate\LocalDerivedDataCache\cache\ns_ue.ddc\materialtranslation\materialtranslation.uidx' index containing 236 entries in 0ms
[25-10-02 16:32:31.884] [main] [info] read store 'E:\Projects\UNREAL\Fate\FateShooter\ProjectFate\LocalDerivedDataCache\cache\ns_ue.ddc\materialtranslation\materialtranslation.slog' log containing 573 entries in 0ms
[25-10-02 16:32:31.886] [main] [info] read store 'E:\Projects\UNREAL\Fate\FateShooter\ProjectFate\LocalDerivedDataCache\cache\ns_ue.ddc\fshaderjobcacheshaders\fshaderjobcacheshaders.uidx' index containing 17248 entries in 5ms
[25-10-02 16:32:31.886] [main] [info] read store 'E:\Projects\UNREAL\Fate\FateShooter\ProjectFate\LocalDerivedDataCache\cache\ns_ue.ddc\bulkdatalist\bulkdatalist.slog' log containing 6692 entries in 1ms
[25-10-02 16:32:31.894] [main] [info] read store 'E:\Projects\UNREAL\Fate\FateShooter\ProjectFate\LocalDerivedDataCache\cache\ns_ue.ddc\fshaderjobcacheshaders\fshaderjobcacheshaders.slog' log containing 37494 entries in 5ms
[25-10-02 16:32:31.897] [main] [info] initializing structured cache at 'E:\Projects\UNREAL\Fate\FateShooter\ProjectFate\LocalDerivedDataCache\cache\ns_ue4.ddc'
[25-10-02 16:32:31.898] [main] [info] front-end is served from embedded zip
[25-10-02 16:32:31.898] [main] [info] initializing GC, enabled 'true', interval 6h00m, lightweight interval 15m00s
[25-10-02 16:32:31.899] [main] [info] added process with pid 14968 as a sponsor process
[25-10-02 16:32:31.899] [main] [info] __________                _________ __                        
                                      \____    /____   ____    /   _____//  |_  ___________   ____  
                                        /     // __ \ /    \   \_____  \\   __\/  _ \_  __ \_/ __ \ 
                                       /     /\  ___/|   |  \  /        \|  | (  <_> )  | \/\  ___/ 
                                      /_______ \___  >___|  / /_______  /|__|  \____/|__|    \___  >
                                              \/   \/     \/          \/                         \/ 
[25-10-02 16:32:31.899] [main] [info] Unreal Zen Storage Server now running (pid: 18788)
[25-10-02 16:32:31.899] [main] [info] sentry crash handler ENABLED
[25-10-02 16:32:31.899] [main] [info] shutdown monitor thread waiting for shutdown signal 'Zen_8558_Shutdown' for process 18788
[25-10-02 16:32:31.911] [gc] [info] 285M used. 'E:\Projects\UNREAL\Fate\FateShooter\ProjectFate\LocalDerivedDataCache\gc': 773G in use, 159G free. Disk writes last 15m00s per 30.0s [111191110101110000000000000000], peak 402K/s. Full GC in 2h03m. Lightweight GC in 14m59s.
[25-10-02 16:32:35.855] [main] [info] Opened target process pid 14968 for session 1643f008e3bcd76000000000: success
[25-10-02 16:33:01.917] [gc] [info] 285M used. 'E:\Projects\UNREAL\Fate\FateShooter\ProjectFate\LocalDerivedDataCache\gc': 773G in use, 159G free. Disk writes last 15m00s per 30.0s [111111101011100000000000000090], peak 8.45M/s. Full GC in 2h03m. Lightweight GC in 14m29s.
[25-10-02 16:33:31.931] [gc] [info] 285M used. 'E:\Projects\UNREAL\Fate\FateShooter\ProjectFate\LocalDerivedDataCache\gc': 773G in use, 159G free. Disk writes last 15m00s per 30.0s [111111010111000000000000000910], peak 8.45M/s. Full GC in 2h02m. Lightweight GC in 13m59s.
[25-10-02 16:34:01.935] [gc] [info] 285M used. 'E:\Projects\UNREAL\Fate\FateShooter\ProjectFate\LocalDerivedDataCache\gc': 773G in use, 159G free. Disk writes last 15m00s per 30.0s [111110101110000000000000009110], peak 8.45M/s. Full GC in 2h02m. Lightweight GC in 13m29s.
[25-10-02 16:34:31.952] [gc] [info] 285M used. 'E:\Projects\UNREAL\Fate\FateShooter\ProjectFate\LocalDerivedDataCache\gc': 773G in use, 159G free. Disk writes last 15m00s per 30.0s [111101011100000000000000091110], peak 8.45M/s. Full GC in 2h01m. Lightweight GC in 12m59s.
[25-10-02 16:35:01.960] [gc] [info] 285M used. 'E:\Projects\UNREAL\Fate\FateShooter\ProjectFate\LocalDerivedDataCache\gc': 773G in use, 159G free. Disk writes last 15m00s per 30.0s [111010111000000000000000911110], peak 8.45M/s. Full GC in 2h01m. Lightweight GC in 12m29s.
[25-10-02 16:35:31.974] [gc] [info] 285M used. 'E:\Projects\UNREAL\Fate\FateShooter\ProjectFate\LocalDerivedDataCache\gc': 773G in use, 159G free. Disk writes last 15m00s per 30.0s [110101110000000000000009111110], peak 8.45M/s. Full GC in 2h00m. Lightweight GC in 11m59s.
[25-10-02 16:36:01.987] [gc] [info] 285M used. 'E:\Projects\UNREAL\Fate\FateShooter\ProjectFate\LocalDerivedDataCache\gc': 773G in use, 159G free. Disk writes last 15m00s per 30.0s [101011100000000000000091111110], peak 8.45M/s. Full GC in 2h00m. Lightweight GC in 11m29s.
[25-10-02 16:36:32.002] [gc] [info] 285M used. 'E:\Projects\UNREAL\Fate\FateShooter\ProjectFate\LocalDerivedDataCache\gc': 773G in use, 159G free. Disk writes last 15m00s per 30.0s [010111000000000000000911111110], peak 8.45M/s. Full GC in 1h59m. Lightweight GC in 10m59s.
[25-10-02 16:37:02.008] [gc] [info] 285M used. 'E:\Projects\UNREAL\Fate\FateShooter\ProjectFate\LocalDerivedDataCache\gc': 773G in use, 159G free. Disk writes last 15m00s per 30.0s [101110000000000000009111111110], peak 8.45M/s. Full GC in 1h59m. Lightweight GC in 10m29s.
[25-10-02 16:37:32.022] [gc] [info] 286M used. 'E:\Projects\UNREAL\Fate\FateShooter\ProjectFate\LocalDerivedDataCache\gc': 773G in use, 159G free. Disk writes last 15m00s per 30.0s [011100000000000000091111111110], peak 8.45M/s. Full GC in 1h58m. Lightweight GC in 9m59s.
[25-10-02 16:38:02.037] [gc] [info] 286M used. 'E:\Projects\UNREAL\Fate\FateShooter\ProjectFate\LocalDerivedDataCache\gc': 773G in use, 159G free. Disk writes last 15m00s per 30.0s [111000000000000000911111111110], peak 8.45M/s. Full GC in 1h58m. Lightweight GC in 9m29s.
[25-10-02 16:38:32.052] [gc] [info] 286M used. 'E:\Projects\UNREAL\Fate\FateShooter\ProjectFate\LocalDerivedDataCache\gc': 773G in use, 159G free. Disk writes last 15m00s per 30.0s [110000000000000009111111111110], peak 8.45M/s. Full GC in 1h57m. Lightweight GC in 8m59s.
[25-10-02 16:39:02.055] [gc] [info] 286M used. 'E:\Projects\UNREAL\Fate\FateShooter\ProjectFate\LocalDerivedDataCache\gc': 773G in use, 159G free. Disk writes last 15m00s per 30.0s [100000000000000091111111111110], peak 8.45M/s. Full GC in 1h57m. Lightweight GC in 8m29s.
[25-10-02 16:39:32.059] [gc] [info] 286M used. 'E:\Projects\UNREAL\Fate\FateShooter\ProjectFate\LocalDerivedDataCache\gc': 773G in use, 159G free. Disk writes last 15m00s per 30.0s [000000000000000911111111111110], peak 8.45M/s. Full GC in 1h56m. Lightweight GC in 7m59s.
[25-10-02 16:40:02.072] [gc] [info] 286M used. 'E:\Projects\UNREAL\Fate\FateShooter\ProjectFate\LocalDerivedDataCache\gc': 773G in use, 159G free. Disk writes last 15m00s per 30.0s [000000000000009111111111111110], peak 8.45M/s. Full GC in 1h56m. Lightweight GC in 7m29s.
[25-10-02 16:40:32.076] [gc] [info] 286M used. 'E:\Projects\UNREAL\Fate\FateShooter\ProjectFate\LocalDerivedDataCache\gc': 773G in use, 159G free. Disk writes last 15m00s per 30.0s [000000000000091111111111111110], peak 8.45M/s. Full GC in 1h55m. Lightweight GC in 6m59s.
[25-10-02 16:41:02.085] [gc] [info] 286M used. 'E:\Projects\UNREAL\Fate\FateShooter\ProjectFate\LocalDerivedDataCache\gc': 773G in use, 159G free. Disk writes last 15m00s per 30.0s [000000000000911111111111111110], peak 8.45M/s. Full GC in 1h55m. Lightweight GC in 6m29s.
[25-10-02 16:41:32.092] [gc] [info] 286M used. 'E:\Projects\UNREAL\Fate\FateShooter\ProjectFate\LocalDerivedDataCache\gc': 773G in use, 159G free. Disk writes last 15m00s per 30.0s [000000000009111111111111111110], peak 8.45M/s. Full GC in 1h54m. Lightweight GC in 5m59s.
[25-10-02 16:42:02.095] [gc] [info] 286M used. 'E:\Projects\UNREAL\Fate\FateShooter\ProjectFate\LocalDerivedDataCache\gc': 773G in use, 159G free. Disk writes last 15m00s per 30.0s [000000000091111111111111111110], peak 8.45M/s. Full GC in 1h54m. Lightweight GC in 5m29s.
[25-10-02 16:42:32.104] [gc] [info] 286M used. 'E:\Projects\UNREAL\Fate\FateShooter\ProjectFate\LocalDerivedDataCache\gc': 773G in use, 159G free. Disk writes last 15m00s per 30.0s [000000000911111111111111111110], peak 8.45M/s. Full GC in 1h53m. Lightweight GC in 4m59s.
[25-10-02 16:43:02.113] [gc] [info] 286M used. 'E:\Projects\UNREAL\Fate\FateShooter\ProjectFate\LocalDerivedDataCache\gc': 773G in use, 159G free. Disk writes last 15m00s per 30.0s [000000009111111111111111111110], peak 8.45M/s. Full GC in 1h53m. Lightweight GC in 4m29s.
[25-10-02 16:43:32.115] [gc] [info] 286M used. 'E:\Projects\UNREAL\Fate\FateShooter\ProjectFate\LocalDerivedDataCache\gc': 773G in use, 159G free. Disk writes last 15m00s per 30.0s [000000091111111111111111111110], peak 8.45M/s. Full GC in 1h52m. Lightweight GC in 3m59s.
[25-10-02 16:44:02.133] [gc] [info] 287M used. 'E:\Projects\UNREAL\Fate\FateShooter\ProjectFate\LocalDerivedDataCache\gc': 773G in use, 159G free. Disk writes last 15m00s per 30.0s [000000911111111111111111111110], peak 8.45M/s. Full GC in 1h52m. Lightweight GC in 3m29s.
[25-10-02 16:44:32.143] [gc] [info] 287M used. 'E:\Projects\UNREAL\Fate\FateShooter\ProjectFate\LocalDerivedDataCache\gc': 773G in use, 159G free. Disk writes last 15m00s per 30.0s [000009111111111111111111111110], peak 8.45M/s. Full GC in 1h51m. Lightweight GC in 2m59s.
[25-10-02 16:45:02.146] [gc] [info] 287M used. 'E:\Projects\UNREAL\Fate\FateShooter\ProjectFate\LocalDerivedDataCache\gc': 773G in use, 159G free. Disk writes last 15m00s per 30.0s [000091111111111111111111111110], peak 8.45M/s. Full GC in 1h51m. Lightweight GC in 2m29s.
[25-10-02 16:45:32.154] [gc] [info] 287M used. 'E:\Projects\UNREAL\Fate\FateShooter\ProjectFate\LocalDerivedDataCache\gc': 773G in use, 159G free. Disk writes last 15m00s per 30.0s [000911111111111111111111111110], peak 8.45M/s. Full GC in 1h50m. Lightweight GC in 1m59s.
[25-10-02 16:46:02.156] [gc] [info] 287M used. 'E:\Projects\UNREAL\Fate\FateShooter\ProjectFate\LocalDerivedDataCache\gc': 773G in use, 159G free. Disk writes last 15m00s per 30.0s [009111111111111111111111111110], peak 8.45M/s. Full GC in 1h50m. Lightweight GC in 1m29s.
[25-10-02 16:46:32.158] [gc] [info] 287M used. 'E:\Projects\UNREAL\Fate\FateShooter\ProjectFate\LocalDerivedDataCache\gc': 773G in use, 159G free. Disk writes last 15m00s per 30.0s [091111111111111111111111111110], peak 8.45M/s. Full GC in 1h49m. Lightweight GC in 59.0s.
[25-10-02 16:47:02.170] [gc] [info] 287M used. 'E:\Projects\UNREAL\Fate\FateShooter\ProjectFate\LocalDerivedDataCache\gc': 773G in use, 159G free. Disk writes last 15m00s per 30.0s [911111111111111111111111111110], peak 8.45M/s. Full GC in 1h49m. Lightweight GC in 29.0s.
[25-10-02 16:47:31.181] [gc] [info] 287M used. 'E:\Projects\UNREAL\Fate\FateShooter\ProjectFate\LocalDerivedDataCache\gc': 773G in use, 159G free. Disk writes last 15m00s per 30.0s [911111111111111111111111111111], peak 8.45M/s. Lightweight GC schedule triggered.
[25-10-02 16:47:31.183] [gc] [info] GCV2: STARTING '08f03893145add11931a4edd'
                                          GC small objects:            yes
                                          GC Cid store:                no
                                          Cache cutoff time:           2025-09-18T16:47:31
                                          Project store cutoff time:   2025-09-18T16:47:31
                                          Build store cutoff time:     2025-09-25T16:47:31
[25-10-02 16:47:31.183] [gc] [info] GCV2: Removing expired data from 22 referencers
[25-10-02 16:47:31.187] [project] [info] project 'ProjectFate.6642a2b9': opening project at 'E:\Projects\UNREAL\Fate\FateShooter\ProjectFate\LocalDerivedDataCache\projects\ProjectFate.6642a2b9'
[25-10-02 16:47:31.190] [gc] [info] GCV2: Compacting using 21 store compactors
[25-10-02 16:47:31.199] [main] [info] GCV2: cachebucket [COMPACT] 'E:\Projects\UNREAL\Fate\FateShooter\ProjectFate\LocalDerivedDataCache\cache\ns_ue.ddc\globalshadermap': moved 793 chunks (762K) from '00000002.ucas' to new block, freeing 496K
[25-10-02 16:47:31.204] [main] [info] GCV2: cachebucket [COMPACT] 'E:\Projects\UNREAL\Fate\FateShooter\ProjectFate\LocalDerivedDataCache\cache\ns_ue.ddc\globalshadermap': moved 475 chunks (496K) from '00000003.ucas' to new block, freeing 0B
[25-10-02 16:47:31.207] [main] [info] GCV2: cachebucket [COMPACT] 'E:\Projects\UNREAL\Fate\FateShooter\ProjectFate\LocalDerivedDataCache\cache\ns_ue.ddc\globalshadermap': wrote block 00000004.ucas (1.23M)
[25-10-02 16:47:31.226] [main] [info] GCV2: cachebucket [COMPACT] 'E:\Projects\UNREAL\Fate\FateShooter\ProjectFate\LocalDerivedDataCache\cache\ns_ue.ddc\bulkdatalist': moved 3337 chunks (417K) from '00000005.ucas' to new block, freeing 0B
[25-10-02 16:47:31.228] [main] [info] GCV2: cachebucket [COMPACT] 'E:\Projects\UNREAL\Fate\FateShooter\ProjectFate\LocalDerivedDataCache\cache\ns_ue.ddc\bulkdatalist': moved 4 chunks (512B) from '00000006.ucas' to new block, freeing 0B
[25-10-02 16:47:31.230] [main] [info] GCV2: cachebucket [COMPACT] 'E:\Projects\UNREAL\Fate\FateShooter\ProjectFate\LocalDerivedDataCache\cache\ns_ue.ddc\bulkdatalist': wrote block 00000007.ucas (418K)
[25-10-02 16:47:31.234] [main] [info] GCV2: cachebucket [COMPACT] 'E:\Projects\UNREAL\Fate\FateShooter\ProjectFate\LocalDerivedDataCache\cache\ns_ue.ddc\fshaderjobcacheshaders': moved 203 chunks (44.6K) from '00000004.ucas' to new block, freeing 1.88M
[25-10-02 16:47:31.286] [main] [info] GCV2: cachebucket [COMPACT] 'E:\Projects\UNREAL\Fate\FateShooter\ProjectFate\LocalDerivedDataCache\cache\ns_ue.ddc\fshaderjobcacheshaders': moved 8379 chunks (1.80M) from '00000005.ucas' to new block, freeing 300K
[25-10-02 16:47:31.291] [main] [info] GCV2: cachebucket [COMPACT] 'E:\Projects\UNREAL\Fate\FateShooter\ProjectFate\LocalDerivedDataCache\cache\ns_ue.ddc\fshaderjobcacheshaders': wrote block 00000007.ucas (1.85M)
[25-10-02 16:47:31.293] [main] [info] GCV2: cachebucket [COMPACT] 'E:\Projects\UNREAL\Fate\FateShooter\ProjectFate\LocalDerivedDataCache\cache\ns_ue.ddc\bulkdatapayloadid': moved 21 chunks (2.62K) from '00000004.ucas' to new block, freeing 255B
[25-10-02 16:47:31.293] [main] [info] GCV2: cachebucket [COMPACT] 'E:\Projects\UNREAL\Fate\FateShooter\ProjectFate\LocalDerivedDataCache\cache\ns_ue.ddc\bulkdatapayloadid': moved 2 chunks (256B) from '00000005.ucas' to new block, freeing 0B
[25-10-02 16:47:31.294] [main] [info] GCV2: cachebucket [COMPACT] 'E:\Projects\UNREAL\Fate\FateShooter\ProjectFate\LocalDerivedDataCache\cache\ns_ue.ddc\bulkdatapayloadid': wrote block 00000006.ucas (2.87K)
[25-10-02 16:47:31.297] [main] [info] GCV2: cachebucket [COMPACT] 'E:\Projects\UNREAL\Fate\FateShooter\ProjectFate\LocalDerivedDataCache\cache\ns_ue.ddc\legacyniagarasm': moved 36 chunks (325K) from '00000002.ucas' to new block, freeing 0B
[25-10-02 16:47:31.300] [main] [info] GCV2: cachebucket [COMPACT] 'E:\Projects\UNREAL\Fate\FateShooter\ProjectFate\LocalDerivedDataCache\cache\ns_ue.ddc\legacyniagarasm': moved 13 chunks (125K) from '00000003.ucas' to new block, freeing 78.0K
[25-10-02 16:47:31.302] [main] [info] GCV2: cachebucket [COMPACT] 'E:\Projects\UNREAL\Fate\FateShooter\ProjectFate\LocalDerivedDataCache\cache\ns_ue.ddc\legacyniagarasm': wrote block 00000004.ucas (450K)
[25-10-02 16:47:31.472] [main] [info] GCV2: cachebucket [COMPACT] 'E:\Projects\UNREAL\Fate\FateShooter\ProjectFate\LocalDerivedDataCache\cache\ns_ue.ddc\legacytexture': moved 661 chunks (119M) from '00000005.ucas' to new block, freeing 0B
[25-10-02 16:47:31.489] [main] [info] GCV2: cachebucket [COMPACT] 'E:\Projects\UNREAL\Fate\FateShooter\ProjectFate\LocalDerivedDataCache\cache\ns_ue.ddc\legacytexture': moved 4 chunks (4.31K) from '00000006.ucas' to new block, freeing 0B
[25-10-02 16:47:31.577] [main] [info] GCV2: cachebucket [COMPACT] 'E:\Projects\UNREAL\Fate\FateShooter\ProjectFate\LocalDerivedDataCache\cache\ns_ue.ddc\legacytexture': wrote block 00000007.ucas (119M)
[25-10-02 16:47:31.707] [main] [info] GCV2: cachebucket [COMPACT] 'E:\Projects\UNREAL\Fate\FateShooter\ProjectFate\LocalDerivedDataCache\cache\ns_ue.ddc\legacyskeletalmesh': moved 17 chunks (126M) from '00000005.ucas' to new block, freeing 0B
[25-10-02 16:47:31.744] [main] [info] GCV2: cachebucket [COMPACT] 'E:\Projects\UNREAL\Fate\FateShooter\ProjectFate\LocalDerivedDataCache\cache\ns_ue.ddc\legacyskeletalmesh': moved 1 chunks (11.8M) from '00000006.ucas' to new block, freeing 0B
[25-10-02 16:47:31.863] [main] [info] GCV2: cachebucket [COMPACT] 'E:\Projects\UNREAL\Fate\FateShooter\ProjectFate\LocalDerivedDataCache\cache\ns_ue.ddc\legacyskeletalmesh': wrote block 00000007.ucas (137M)
[25-10-02 16:47:31.866] [main] [info] GCV2: cachebucket [COMPACT] 'E:\Projects\UNREAL\Fate\FateShooter\ProjectFate\LocalDerivedDataCache\cache\ns_ue.ddc\staticmesh': moved 77 chunks (9.81K) from '00000004.ucas' to new block, freeing 4.24K
[25-10-02 16:47:31.867] [main] [info] GCV2: cachebucket [COMPACT] 'E:\Projects\UNREAL\Fate\FateShooter\ProjectFate\LocalDerivedDataCache\cache\ns_ue.ddc\staticmesh': moved 34 chunks (4.25K) from '00000005.ucas' to new block, freeing 0B
[25-10-02 16:47:31.869] [main] [info] GCV2: cachebucket [COMPACT] 'E:\Projects\UNREAL\Fate\FateShooter\ProjectFate\LocalDerivedDataCache\cache\ns_ue.ddc\staticmesh': wrote block 00000006.ucas (14.1K)
[25-10-02 16:47:31.875] [main] [info] GCV2: cachebucket [COMPACT] 'E:\Projects\UNREAL\Fate\FateShooter\ProjectFate\LocalDerivedDataCache\cache\ns_ue.ddc\legacyniagarascriptderiveddata': moved 368 chunks (2.13M) from '00000002.ucas' to new block, freeing 0B
[25-10-02 16:47:31.878] [main] [info] GCV2: cachebucket [COMPACT] 'E:\Projects\UNREAL\Fate\FateShooter\ProjectFate\LocalDerivedDataCache\cache\ns_ue.ddc\legacyniagarascriptderiveddata': moved 16 chunks (106K) from '00000003.ucas' to new block, freeing 21.0K
[25-10-02 16:47:31.882] [main] [info] GCV2: cachebucket [COMPACT] 'E:\Projects\UNREAL\Fate\FateShooter\ProjectFate\LocalDerivedDataCache\cache\ns_ue.ddc\legacyniagarascriptderiveddata': wrote block 00000004.ucas (2.23M)
[25-10-02 16:47:31.886] [main] [info] GCV2: cachebucket [COMPACT] 'E:\Projects\UNREAL\Fate\FateShooter\ProjectFate\LocalDerivedDataCache\cache\ns_ue.ddc\materialshadermap': moved 272 chunks (332K) from '00000004.ucas' to new block, freeing 43.9K
[25-10-02 16:47:31.887] [main] [info] GCV2: cachebucket [COMPACT] 'E:\Projects\UNREAL\Fate\FateShooter\ProjectFate\LocalDerivedDataCache\cache\ns_ue.ddc\materialshadermap': moved 1 chunks (720B) from '00000005.ucas' to new block, freeing 43.2K
[25-10-02 16:47:31.889] [main] [info] GCV2: cachebucket [COMPACT] 'E:\Projects\UNREAL\Fate\FateShooter\ProjectFate\LocalDerivedDataCache\cache\ns_ue.ddc\materialshadermap': wrote block 00000007.ucas (333K)
[25-10-02 16:47:31.891] [main] [info] GCV2: cachebucket [COMPACT] 'E:\Projects\UNREAL\Fate\FateShooter\ProjectFate\LocalDerivedDataCache\cache\ns_ue.ddc\materialtranslation': moved 35 chunks (8.75K) from '00000005.ucas' to new block, freeing 247B
[25-10-02 16:47:31.893] [main] [info] GCV2: cachebucket [COMPACT] 'E:\Projects\UNREAL\Fate\FateShooter\ProjectFate\LocalDerivedDataCache\cache\ns_ue.ddc\materialtranslation': moved 210 chunks (52.5K) from '00000006.ucas' to new block, freeing 8.74K
[25-10-02 16:47:31.895] [main] [info] GCV2: cachebucket [COMPACT] 'E:\Projects\UNREAL\Fate\FateShooter\ProjectFate\LocalDerivedDataCache\cache\ns_ue.ddc\materialtranslation': wrote block 00000008.ucas (61.2K)
[25-10-02 16:47:31.895] [gc] [info] GCV2: COMPLETED '08f03893145add11931a4edd' in 711ms
                                          GC small objects:            yes
                                          GC Cid store:                no
                                          Cache cutoff time:           2025-09-18T16:47:31
                                          Project store cutoff time:   2025-09-18T16:47:31
                                          Build store cutoff time:     2025-09-25T16:47:31
                                    
                                          Remove Expired Data:         6ms
                                          Found 0 expired items out of 24187, deleted 0
                                          Freed 14.9M on disk and 0B of memory
[25-10-02 16:47:31.897] [gc] [info] garbage collection DONE in 715ms
[25-10-02 16:47:31.898] [gc] [info] 21.3M used. 'E:\Projects\UNREAL\Fate\FateShooter\ProjectFate\LocalDerivedDataCache\gc': 773G in use, 159G free. Disk writes last 15m00s per 30.0s [911111111111111111111111111111], peak 8.45M/s. Full GC in 1h48m. Lightweight GC in 14m59s.
[25-10-02 16:48:01.913] [gc] [info] 21.7M used. 'E:\Projects\UNREAL\Fate\FateShooter\ProjectFate\LocalDerivedDataCache\gc': 773G in use, 159G free. Disk writes last 15m00s per 30.0s [123322348566443346442596223390], peak 5.76K/s. Full GC in 1h48m. Lightweight GC in 14m29s.
[25-10-02 16:48:31.929] [gc] [info] 33.5M used. 'E:\Projects\UNREAL\Fate\FateShooter\ProjectFate\LocalDerivedDataCache\gc': 773G in use, 159G free. Disk writes last 15m00s per 30.0s [111111232222211232212431121490], peak 15.1K/s. Full GC in 1h47m. Lightweight GC in 13m59s.
[25-10-02 16:49:01.942] [gc] [info] 33.5M used. 'E:\Projects\UNREAL\Fate\FateShooter\ProjectFate\LocalDerivedDataCache\gc': 773G in use, 159G free. Disk writes last 15m00s per 30.0s [011111111111111111111111111190], peak 402K/s. Full GC in 1h47m. Lightweight GC in 13m29s.
[25-10-02 16:49:31.955] [gc] [info] 33.5M used. 'E:\Projects\UNREAL\Fate\FateShooter\ProjectFate\LocalDerivedDataCache\gc': 773G in use, 159G free. Disk writes last 15m00s per 30.0s [011111111111111111111111111910], peak 402K/s. Full GC in 1h46m. Lightweight GC in 12m59s.
[25-10-02 16:50:01.960] [gc] [info] 33.5M used. 'E:\Projects\UNREAL\Fate\FateShooter\ProjectFate\LocalDerivedDataCache\gc': 773G in use, 159G free. Disk writes last 15m00s per 30.0s [111111111111111111111111119110], peak 402K/s. Full GC in 1h46m. Lightweight GC in 12m29s.
[25-10-02 16:50:31.968] [gc] [info] 33.5M used. 'E:\Projects\UNREAL\Fate\FateShooter\ProjectFate\LocalDerivedDataCache\gc': 773G in use, 159G free. Disk writes last 15m00s per 30.0s [111111111111111111111111191110], peak 402K/s. Full GC in 1h45m. Lightweight GC in 11m59s.
[25-10-02 16:51:01.977] [gc] [info] 33.5M used. 'E:\Projects\UNREAL\Fate\FateShooter\ProjectFate\LocalDerivedDataCache\gc': 773G in use, 159G free. Disk writes last 15m00s per 30.0s [111111111111111111111111911100], peak 402K/s. Full GC in 1h45m. Lightweight GC in 11m29s.
[25-10-02 16:51:31.981] [gc] [info] 33.5M used. 'E:\Projects\UNREAL\Fate\FateShooter\ProjectFate\LocalDerivedDataCache\gc': 773G in use, 159G free. Disk writes last 15m00s per 30.0s [111111111111111111111119111000], peak 402K/s. Full GC in 1h44m. Lightweight GC in 10m59s.
[25-10-02 16:52:01.990] [gc] [info] 33.5M used. 'E:\Projects\UNREAL\Fate\FateShooter\ProjectFate\LocalDerivedDataCache\gc': 786G in use, 145G free. Disk writes last 15m00s per 30.0s [111111111111111111111191110000], peak 402K/s. Full GC in 1h44m. Lightweight GC in 10m29s.
