[25-10-02 15:59:03.300] [main] [info] log starting at 2025-10-02T14:59:03.300Z
[25-10-02 15:59:03.300] [jupiter] [info] log starting at 2025-10-02T14:59:03.300Z
[25-10-02 15:59:03.301] [zenclient] [info] log starting at 2025-10-02T14:59:03.300Z
[25-10-02 15:59:03.301] [main] [info] server session id: 08f02d37a69195bfff83625d
[25-10-02 15:59:03.301] [jupiter] [info] server session id: 08f02d37a69195bfff83625d
[25-10-02 15:59:03.301] [zenclient] [info] server session id: 08f02d37a69195bfff83625d
[25-10-02 15:59:03.301] [main] [info] Command line: C:\Users\idhant\AppData\Local\UnrealEngine\Common\Zen\Install\zenserver.exe --port 8558 --data-dir E:\Projects\UNREAL\Fate\FateShooter\ProjectFate\LocalDerivedDataCache --http asio --gc-cache-duration-seconds 1209600 --gc-interval-seconds 21600 --gc-low-diskspace-threshold 2147483648 --quiet --http-forceloopback --owner-pid 972 --child-id Zen_972_Startup
[25-10-02 15:59:03.301] [main] [info] sentry initialized with anonymous reports
[25-10-02 15:59:03.301] [main] [info] Unreal Zen Storage Server - using lock file at 'E:\Projects\UNREAL\Fate\FateShooter\ProjectFate\LocalDerivedDataCache\.lock'
[25-10-02 15:59:03.301] [main] [info] Unreal Zen Storage Server - starting on port 8558, version '5.6.6-202504241958-windows-x64-release-f090a03'
[25-10-02 15:59:03.302] [main] [info] Using parent pid #972 to control process lifetime
[25-10-02 15:59:03.304] [main] [info] using asio HTTP server implementation
[25-10-02 15:59:03.304] [main] [info] any debug payloads will be written to 'E:\Projects\UNREAL\Fate\FateShooter\ProjectFate\LocalDerivedDataCache\debug\08f02d37a69195bfff83625d'
[25-10-02 15:59:03.304] [asio] [info] starting asio http with 12 service threads
[25-10-02 15:59:03.305] [asio] [info] Registered local-only handler 'http://localhost:8558/' - this is not accessible from remote hosts
[25-10-02 15:59:03.305] [asio] [info] Started asio server at 'http://[::1]:8558'
[25-10-02 15:59:03.305] [asio] [info] asio http started (port 8558)
[25-10-02 15:59:03.305] [main] [warning] using default encryption key
[25-10-02 15:59:03.305] [main] [warning] using default encryption initialization vector
[25-10-02 15:59:03.306] [main] [info] initializing storage
[25-10-02 15:59:03.306] [main] [info] initializing CAS pool at 'E:\Projects\UNREAL\Fate\FateShooter\ProjectFate\LocalDerivedDataCache\cas'
[25-10-02 15:59:03.308] [filecas] [info] read store 'E:\Projects\UNREAL\Fate\FateShooter\ProjectFate\LocalDerivedDataCache\cas\cas.ulog' log containing 0 entries in 0ms
[25-10-02 15:59:03.311] [containercas] [info] read store 'E:\Projects\UNREAL\Fate\FateShooter\ProjectFate\LocalDerivedDataCache\cas\sobs\sobs.uidx' index containing 14645 entries in 2ms
[25-10-02 15:59:03.312] [containercas] [info] read store 'E:\Projects\UNREAL\Fate\FateShooter\ProjectFate\LocalDerivedDataCache\cas\tobs\tobs.uidx' index containing 20100 entries in 3ms
[25-10-02 15:59:03.313] [containercas] [info] read store 'E:\Projects\UNREAL\Fate\FateShooter\ProjectFate\LocalDerivedDataCache\cas\sobs' log containing 168 entries in 0ms
[25-10-02 15:59:03.313] [containercas] [info] read store 'E:\Projects\UNREAL\Fate\FateShooter\ProjectFate\LocalDerivedDataCache\cas\tobs' log containing 186 entries in 0ms
[25-10-02 15:59:03.318] [containercas] [info] wrote store snapshot for 'E:\Projects\UNREAL\Fate\FateShooter\ProjectFate\LocalDerivedDataCache\cas\sobs' containing 14729 entries in 4ms
[25-10-02 15:59:03.319] [containercas] [info] wrote store snapshot for 'E:\Projects\UNREAL\Fate\FateShooter\ProjectFate\LocalDerivedDataCache\cas\tobs' containing 20193 entries in 5ms
[25-10-02 15:59:03.319] [main] [info] instantiating project service
[25-10-02 15:59:03.319] [project] [info] initializing project store at 'E:\Projects\UNREAL\Fate\FateShooter\ProjectFate\LocalDerivedDataCache\projects'
[25-10-02 15:59:03.320] [fs] [info] Initializing Workspaces Service
[25-10-02 15:59:03.320] [main] [info] instantiating structured cache service
[25-10-02 15:59:03.320] [main] [info] initializing cache store at 'E:\Projects\UNREAL\Fate\FateShooter\ProjectFate\LocalDerivedDataCache\cache'
[25-10-02 15:59:03.320] [main] [info] Found 2 namespaces in 'E:\Projects\UNREAL\Fate\FateShooter\ProjectFate\LocalDerivedDataCache\cache'
[25-10-02 15:59:03.320] [main] [info] initializing structured cache at 'E:\Projects\UNREAL\Fate\FateShooter\ProjectFate\LocalDerivedDataCache\cache\ns_ue.ddc'
[25-10-02 15:59:03.321] [main] [info] Discovered bucket 'animationsequence'
[25-10-02 15:59:03.321] [main] [info] Discovered bucket 'bulkdatalist'
[25-10-02 15:59:03.321] [main] [info] Discovered bucket 'bulkdatapayloadid'
[25-10-02 15:59:03.321] [main] [info] Discovered bucket 'fshaderjobcacheshaders'
[25-10-02 15:59:03.321] [main] [info] Discovered bucket 'globalshadermap'
[25-10-02 15:59:03.321] [main] [info] Discovered bucket 'legacyaudio'
[25-10-02 15:59:03.321] [main] [info] Discovered bucket 'legacycard'
[25-10-02 15:59:03.321] [main] [info] Discovered bucket 'legacychaosgeometrydata'
[25-10-02 15:59:03.321] [main] [info] Discovered bucket 'legacyckersm'
[25-10-02 15:59:03.321] [main] [info] Discovered bucket 'legacydist'
[25-10-02 15:59:03.321] [main] [info] Discovered bucket 'legacygeometrycollection'
[25-10-02 15:59:03.321] [main] [info] Discovered bucket 'legacynavcollision'
[25-10-02 15:59:03.321] [main] [info] Discovered bucket 'legacyniagarascriptderiveddata'
[25-10-02 15:59:03.321] [main] [info] Discovered bucket 'legacyniagarasm'
[25-10-02 15:59:03.321] [main] [info] Discovered bucket 'legacyskeletalmesh'
[25-10-02 15:59:03.321] [main] [info] Discovered bucket 'legacystreamedaudio'
[25-10-02 15:59:03.321] [main] [info] Discovered bucket 'legacytexture'
[25-10-02 15:59:03.321] [main] [info] Discovered bucket 'materialshadermap'
[25-10-02 15:59:03.321] [main] [info] Discovered bucket 'materialtranslation'
[25-10-02 15:59:03.321] [main] [info] Discovered bucket 'staticmesh'
[25-10-02 15:59:03.323] [main] [info] read store 'E:\Projects\UNREAL\Fate\FateShooter\ProjectFate\LocalDerivedDataCache\cache\ns_ue.ddc\animationsequence\animationsequence.uidx' index containing 37 entries in 0ms
[25-10-02 15:59:03.323] [main] [info] read store 'E:\Projects\UNREAL\Fate\FateShooter\ProjectFate\LocalDerivedDataCache\cache\ns_ue.ddc\animationsequence\animationsequence.slog' log containing 0 entries in 0ms
[25-10-02 15:59:03.325] [main] [info] read store 'E:\Projects\UNREAL\Fate\FateShooter\ProjectFate\LocalDerivedDataCache\cache\ns_ue.ddc\bulkdatalist\bulkdatalist.uidx' index containing 3315 entries in 0ms
[25-10-02 15:59:03.325] [main] [info] read store 'E:\Projects\UNREAL\Fate\FateShooter\ProjectFate\LocalDerivedDataCache\cache\ns_ue.ddc\globalshadermap\globalshadermap.uidx' index containing 1268 entries in 0ms
[25-10-02 15:59:03.326] [main] [info] read store 'E:\Projects\UNREAL\Fate\FateShooter\ProjectFate\LocalDerivedDataCache\cache\ns_ue.ddc\bulkdatapayloadid\bulkdatapayloadid.uidx' index containing 23 entries in 0ms
[25-10-02 15:59:03.327] [main] [info] read store 'E:\Projects\UNREAL\Fate\FateShooter\ProjectFate\LocalDerivedDataCache\cache\ns_ue.ddc\globalshadermap\globalshadermap.slog' log containing 475 entries in 0ms
[25-10-02 15:59:03.327] [main] [info] read store 'E:\Projects\UNREAL\Fate\FateShooter\ProjectFate\LocalDerivedDataCache\cache\ns_ue.ddc\legacyaudio\legacyaudio.uidx' index containing 11 entries in 0ms
[25-10-02 15:59:03.327] [main] [info] read store 'E:\Projects\UNREAL\Fate\FateShooter\ProjectFate\LocalDerivedDataCache\cache\ns_ue.ddc\legacycard\legacycard.uidx' index containing 109 entries in 0ms
[25-10-02 15:59:03.328] [main] [info] read store 'E:\Projects\UNREAL\Fate\FateShooter\ProjectFate\LocalDerivedDataCache\cache\ns_ue.ddc\legacyaudio\legacyaudio.slog' log containing 0 entries in 0ms
[25-10-02 15:59:03.328] [main] [info] read store 'E:\Projects\UNREAL\Fate\FateShooter\ProjectFate\LocalDerivedDataCache\cache\ns_ue.ddc\bulkdatalist\bulkdatalist.slog' log containing 3351 entries in 0ms
[25-10-02 15:59:03.328] [main] [info] read store 'E:\Projects\UNREAL\Fate\FateShooter\ProjectFate\LocalDerivedDataCache\cache\ns_ue.ddc\legacycard\legacycard.slog' log containing 111 entries in 0ms
[25-10-02 15:59:03.328] [main] [info] read store 'E:\Projects\UNREAL\Fate\FateShooter\ProjectFate\LocalDerivedDataCache\cache\ns_ue.ddc\legacychaosgeometrydata\legacychaosgeometrydata.uidx' index containing 1 entries in 0ms
[25-10-02 15:59:03.329] [main] [info] read store 'E:\Projects\UNREAL\Fate\FateShooter\ProjectFate\LocalDerivedDataCache\cache\ns_ue.ddc\bulkdatapayloadid\bulkdatapayloadid.slog' log containing 25 entries in 0ms
[25-10-02 15:59:03.329] [main] [info] read store 'E:\Projects\UNREAL\Fate\FateShooter\ProjectFate\LocalDerivedDataCache\cache\ns_ue.ddc\legacychaosgeometrydata\legacychaosgeometrydata.slog' log containing 0 entries in 0ms
[25-10-02 15:59:03.330] [main] [info] read store 'E:\Projects\UNREAL\Fate\FateShooter\ProjectFate\LocalDerivedDataCache\cache\ns_ue.ddc\legacyckersm\legacyckersm.uidx' index containing 6 entries in 0ms
[25-10-02 15:59:03.330] [main] [info] read store 'E:\Projects\UNREAL\Fate\FateShooter\ProjectFate\LocalDerivedDataCache\cache\ns_ue.ddc\legacyckersm\legacyckersm.slog' log containing 0 entries in 0ms
[25-10-02 15:59:03.331] [main] [info] read store 'E:\Projects\UNREAL\Fate\FateShooter\ProjectFate\LocalDerivedDataCache\cache\ns_ue.ddc\legacyskeletalmesh\legacyskeletalmesh.uidx' index containing 13 entries in 0ms
[25-10-02 15:59:03.331] [main] [info] read store 'E:\Projects\UNREAL\Fate\FateShooter\ProjectFate\LocalDerivedDataCache\cache\ns_ue.ddc\legacyniagarascriptderiveddata\legacyniagarascriptderiveddata.uidx' index containing 61 entries in 0ms
[25-10-02 15:59:03.331] [main] [info] read store 'E:\Projects\UNREAL\Fate\FateShooter\ProjectFate\LocalDerivedDataCache\cache\ns_ue.ddc\legacyniagarasm\legacyniagarasm.uidx' index containing 20 entries in 0ms
[25-10-02 15:59:03.331] [main] [info] read store 'E:\Projects\UNREAL\Fate\FateShooter\ProjectFate\LocalDerivedDataCache\cache\ns_ue.ddc\legacynavcollision\legacynavcollision.uidx' index containing 109 entries in 0ms
[25-10-02 15:59:03.331] [main] [info] read store 'E:\Projects\UNREAL\Fate\FateShooter\ProjectFate\LocalDerivedDataCache\cache\ns_ue.ddc\legacydist\legacydist.uidx' index containing 109 entries in 0ms
[25-10-02 15:59:03.331] [main] [info] read store 'E:\Projects\UNREAL\Fate\FateShooter\ProjectFate\LocalDerivedDataCache\cache\ns_ue.ddc\legacyskeletalmesh\legacyskeletalmesh.slog' log containing 19 entries in 0ms
[25-10-02 15:59:03.331] [main] [info] read store 'E:\Projects\UNREAL\Fate\FateShooter\ProjectFate\LocalDerivedDataCache\cache\ns_ue.ddc\materialshadermap\materialshadermap.uidx' index containing 276 entries in 0ms
[25-10-02 15:59:03.332] [main] [info] read store 'E:\Projects\UNREAL\Fate\FateShooter\ProjectFate\LocalDerivedDataCache\cache\ns_ue.ddc\staticmesh\staticmesh.uidx' index containing 109 entries in 0ms
[25-10-02 15:59:03.332] [main] [info] read store 'E:\Projects\UNREAL\Fate\FateShooter\ProjectFate\LocalDerivedDataCache\cache\ns_ue.ddc\legacygeometrycollection\legacygeometrycollection.uidx' index containing 7 entries in 0ms
[25-10-02 15:59:03.333] [main] [info] read store 'E:\Projects\UNREAL\Fate\FateShooter\ProjectFate\LocalDerivedDataCache\cache\ns_ue.ddc\materialtranslation\materialtranslation.uidx' index containing 236 entries in 0ms
[25-10-02 15:59:03.333] [main] [info] read store 'E:\Projects\UNREAL\Fate\FateShooter\ProjectFate\LocalDerivedDataCache\cache\ns_ue.ddc\legacyniagarasm\legacyniagarasm.slog' log containing 36 entries in 1ms
[25-10-02 15:59:03.333] [main] [info] read store 'E:\Projects\UNREAL\Fate\FateShooter\ProjectFate\LocalDerivedDataCache\cache\ns_ue.ddc\legacyniagarascriptderiveddata\legacyniagarascriptderiveddata.slog' log containing 308 entries in 0ms
[25-10-02 15:59:03.333] [main] [info] read store 'E:\Projects\UNREAL\Fate\FateShooter\ProjectFate\LocalDerivedDataCache\cache\ns_ue.ddc\legacygeometrycollection\legacygeometrycollection.slog' log containing 8 entries in 0ms
[25-10-02 15:59:03.333] [main] [info] read store 'E:\Projects\UNREAL\Fate\FateShooter\ProjectFate\LocalDerivedDataCache\cache\ns_ue.ddc\materialshadermap\materialshadermap.slog' log containing 280 entries in 0ms
[25-10-02 15:59:03.333] [main] [info] read store 'E:\Projects\UNREAL\Fate\FateShooter\ProjectFate\LocalDerivedDataCache\cache\ns_ue.ddc\staticmesh\staticmesh.slog' log containing 145 entries in 0ms
[25-10-02 15:59:03.334] [main] [info] read store 'E:\Projects\UNREAL\Fate\FateShooter\ProjectFate\LocalDerivedDataCache\cache\ns_ue.ddc\legacytexture\legacytexture.uidx' index containing 555 entries in 0ms
[25-10-02 15:59:03.334] [main] [info] read store 'E:\Projects\UNREAL\Fate\FateShooter\ProjectFate\LocalDerivedDataCache\cache\ns_ue.ddc\materialtranslation\materialtranslation.slog' log containing 292 entries in 0ms
[25-10-02 15:59:03.334] [main] [info] read store 'E:\Projects\UNREAL\Fate\FateShooter\ProjectFate\LocalDerivedDataCache\cache\ns_ue.ddc\legacystreamedaudio\legacystreamedaudio.uidx' index containing 33 entries in 0ms
[25-10-02 15:59:03.334] [main] [info] read store 'E:\Projects\UNREAL\Fate\FateShooter\ProjectFate\LocalDerivedDataCache\cache\ns_ue.ddc\legacydist\legacydist.slog' log containing 111 entries in 0ms
[25-10-02 15:59:03.334] [main] [info] read store 'E:\Projects\UNREAL\Fate\FateShooter\ProjectFate\LocalDerivedDataCache\cache\ns_ue.ddc\fshaderjobcacheshaders\fshaderjobcacheshaders.uidx' index containing 17248 entries in 6ms
[25-10-02 15:59:03.334] [main] [info] read store 'E:\Projects\UNREAL\Fate\FateShooter\ProjectFate\LocalDerivedDataCache\cache\ns_ue.ddc\legacynavcollision\legacynavcollision.slog' log containing 111 entries in 0ms
[25-10-02 15:59:03.335] [main] [info] read store 'E:\Projects\UNREAL\Fate\FateShooter\ProjectFate\LocalDerivedDataCache\cache\ns_ue.ddc\legacytexture\legacytexture.slog' log containing 751 entries in 0ms
[25-10-02 15:59:03.335] [main] [info] read store 'E:\Projects\UNREAL\Fate\FateShooter\ProjectFate\LocalDerivedDataCache\cache\ns_ue.ddc\legacystreamedaudio\legacystreamedaudio.slog' log containing 0 entries in 0ms
[25-10-02 15:59:03.339] [main] [info] read store 'E:\Projects\UNREAL\Fate\FateShooter\ProjectFate\LocalDerivedDataCache\cache\ns_ue.ddc\fshaderjobcacheshaders\fshaderjobcacheshaders.slog' log containing 18750 entries in 3ms
[25-10-02 15:59:03.342] [main] [info] initializing structured cache at 'E:\Projects\UNREAL\Fate\FateShooter\ProjectFate\LocalDerivedDataCache\cache\ns_ue4.ddc'
[25-10-02 15:59:03.343] [main] [info] front-end is served from embedded zip
[25-10-02 15:59:03.343] [main] [info] initializing GC, enabled 'true', interval 6h00m, lightweight interval 15m00s
[25-10-02 15:59:03.345] [main] [info] added process with pid 972 as a sponsor process
[25-10-02 15:59:03.345] [main] [info] __________                _________ __                        
                                      \____    /____   ____    /   _____//  |_  ___________   ____  
                                        /     // __ \ /    \   \_____  \\   __\/  _ \_  __ \_/ __ \ 
                                       /     /\  ___/|   |  \  /        \|  | (  <_> )  | \/\  ___/ 
                                      /_______ \___  >___|  / /_______  /|__|  \____/|__|    \___  >
                                              \/   \/     \/          \/                         \/ 
[25-10-02 15:59:03.345] [main] [info] Unreal Zen Storage Server now running (pid: 23664)
[25-10-02 15:59:03.345] [main] [info] sentry crash handler ENABLED
[25-10-02 15:59:03.345] [main] [info] shutdown monitor thread waiting for shutdown signal 'Zen_8558_Shutdown' for process 23664
[25-10-02 15:59:03.347] [gc] [info] 273M used. 'E:\Projects\UNREAL\Fate\FateShooter\ProjectFate\LocalDerivedDataCache\gc': 771G in use, 160G free. Disk writes last 15m00s per 30.0s [098000000000000000000000000000], peak 2.53K/s. Full GC in 2h37m. Lightweight GC in 14m59s.
[25-10-02 15:59:05.963] [main] [info] Opened target process pid 972 for session 403bf008272db43900000000: success
[25-10-02 15:59:33.350] [gc] [info] 273M used. 'E:\Projects\UNREAL\Fate\FateShooter\ProjectFate\LocalDerivedDataCache\gc': 771G in use, 160G free. Disk writes last 15m00s per 30.0s [110000000000000000000000000090], peak 7.49M/s. Full GC in 2h36m. Lightweight GC in 14m29s.
[25-10-02 16:00:03.367] [gc] [info] 273M used. 'E:\Projects\UNREAL\Fate\FateShooter\ProjectFate\LocalDerivedDataCache\gc': 771G in use, 160G free. Disk writes last 15m00s per 30.0s [100000000000000000000000000910], peak 7.49M/s. Full GC in 2h36m. Lightweight GC in 13m59s.
[25-10-02 16:00:33.372] [gc] [info] 273M used. 'E:\Projects\UNREAL\Fate\FateShooter\ProjectFate\LocalDerivedDataCache\gc': 771G in use, 160G free. Disk writes last 15m00s per 30.0s [000000000000000000000000009110], peak 7.49M/s. Full GC in 2h35m. Lightweight GC in 13m29s.
[25-10-02 16:01:03.386] [gc] [info] 273M used. 'E:\Projects\UNREAL\Fate\FateShooter\ProjectFate\LocalDerivedDataCache\gc': 771G in use, 160G free. Disk writes last 15m00s per 30.0s [000000000000000000000000091110], peak 7.49M/s. Full GC in 2h35m. Lightweight GC in 12m59s.
[25-10-02 16:01:33.403] [gc] [info] 273M used. 'E:\Projects\UNREAL\Fate\FateShooter\ProjectFate\LocalDerivedDataCache\gc': 771G in use, 160G free. Disk writes last 15m00s per 30.0s [000000000000000000000000911110], peak 7.49M/s. Full GC in 2h34m. Lightweight GC in 12m29s.
[25-10-02 16:02:03.408] [gc] [info] 273M used. 'E:\Projects\UNREAL\Fate\FateShooter\ProjectFate\LocalDerivedDataCache\gc': 771G in use, 160G free. Disk writes last 15m00s per 30.0s [000000000000000000000009111110], peak 7.49M/s. Full GC in 2h34m. Lightweight GC in 11m59s.
[25-10-02 16:02:33.422] [gc] [info] 273M used. 'E:\Projects\UNREAL\Fate\FateShooter\ProjectFate\LocalDerivedDataCache\gc': 771G in use, 160G free. Disk writes last 15m00s per 30.0s [000000000000000000000091111110], peak 7.49M/s. Full GC in 2h33m. Lightweight GC in 11m29s.
[25-10-02 16:03:03.434] [gc] [info] 273M used. 'E:\Projects\UNREAL\Fate\FateShooter\ProjectFate\LocalDerivedDataCache\gc': 771G in use, 160G free. Disk writes last 15m00s per 30.0s [000000000000000000000911111110], peak 7.49M/s. Full GC in 2h33m. Lightweight GC in 10m59s.
[25-10-02 16:03:33.443] [gc] [info] 274M used. 'E:\Projects\UNREAL\Fate\FateShooter\ProjectFate\LocalDerivedDataCache\gc': 771G in use, 160G free. Disk writes last 15m00s per 30.0s [000000000000000000009111111110], peak 7.49M/s. Full GC in 2h32m. Lightweight GC in 10m29s.
[25-10-02 16:04:03.456] [gc] [info] 274M used. 'E:\Projects\UNREAL\Fate\FateShooter\ProjectFate\LocalDerivedDataCache\gc': 771G in use, 160G free. Disk writes last 15m00s per 30.0s [000000000000000000091111111110], peak 7.49M/s. Full GC in 2h32m. Lightweight GC in 9m59s.
[25-10-02 16:04:33.468] [gc] [info] 274M used. 'E:\Projects\UNREAL\Fate\FateShooter\ProjectFate\LocalDerivedDataCache\gc': 771G in use, 160G free. Disk writes last 15m00s per 30.0s [000000000000000000911111111110], peak 7.49M/s. Full GC in 2h31m. Lightweight GC in 9m29s.
[25-10-02 16:05:03.481] [gc] [info] 274M used. 'E:\Projects\UNREAL\Fate\FateShooter\ProjectFate\LocalDerivedDataCache\gc': 771G in use, 160G free. Disk writes last 15m00s per 30.0s [000000000000000009111111111110], peak 7.49M/s. Full GC in 2h31m. Lightweight GC in 8m59s.
[25-10-02 16:05:33.496] [gc] [info] 274M used. 'E:\Projects\UNREAL\Fate\FateShooter\ProjectFate\LocalDerivedDataCache\gc': 771G in use, 160G free. Disk writes last 15m00s per 30.0s [000000000000000091111111111110], peak 7.49M/s. Full GC in 2h30m. Lightweight GC in 8m29s.
[25-10-02 16:06:03.499] [gc] [info] 274M used. 'E:\Projects\UNREAL\Fate\FateShooter\ProjectFate\LocalDerivedDataCache\gc': 771G in use, 160G free. Disk writes last 15m00s per 30.0s [000000000000000911111111111110], peak 7.49M/s. Full GC in 2h30m. Lightweight GC in 7m59s.
[25-10-02 16:06:33.512] [gc] [info] 274M used. 'E:\Projects\UNREAL\Fate\FateShooter\ProjectFate\LocalDerivedDataCache\gc': 771G in use, 160G free. Disk writes last 15m00s per 30.0s [000000000000009111111111111110], peak 7.49M/s. Full GC in 2h29m. Lightweight GC in 7m29s.
[25-10-02 16:07:03.520] [gc] [info] 274M used. 'E:\Projects\UNREAL\Fate\FateShooter\ProjectFate\LocalDerivedDataCache\gc': 771G in use, 160G free. Disk writes last 15m00s per 30.0s [000000000000091111111111111110], peak 7.49M/s. Full GC in 2h29m. Lightweight GC in 6m59s.
[25-10-02 16:07:33.529] [gc] [info] 274M used. 'E:\Projects\UNREAL\Fate\FateShooter\ProjectFate\LocalDerivedDataCache\gc': 771G in use, 160G free. Disk writes last 15m00s per 30.0s [000000000000911111111111111110], peak 7.49M/s. Full GC in 2h28m. Lightweight GC in 6m29s.
[25-10-02 16:08:03.540] [gc] [info] 274M used. 'E:\Projects\UNREAL\Fate\FateShooter\ProjectFate\LocalDerivedDataCache\gc': 771G in use, 160G free. Disk writes last 15m00s per 30.0s [000000000009111111111111111110], peak 7.49M/s. Full GC in 2h28m. Lightweight GC in 5m59s.
[25-10-02 16:08:33.556] [gc] [info] 274M used. 'E:\Projects\UNREAL\Fate\FateShooter\ProjectFate\LocalDerivedDataCache\gc': 771G in use, 160G free. Disk writes last 15m00s per 30.0s [000000000091111111111111111110], peak 7.49M/s. Full GC in 2h27m. Lightweight GC in 5m29s.
[25-10-02 16:09:03.566] [gc] [info] 274M used. 'E:\Projects\UNREAL\Fate\FateShooter\ProjectFate\LocalDerivedDataCache\gc': 771G in use, 160G free. Disk writes last 15m00s per 30.0s [000000000911111111111111111110], peak 7.49M/s. Full GC in 2h27m. Lightweight GC in 4m59s.
[25-10-02 16:09:33.582] [gc] [info] 274M used. 'E:\Projects\UNREAL\Fate\FateShooter\ProjectFate\LocalDerivedDataCache\gc': 771G in use, 160G free. Disk writes last 15m00s per 30.0s [000000009111111111111111111110], peak 7.49M/s. Full GC in 2h26m. Lightweight GC in 4m29s.
[25-10-02 16:10:03.593] [gc] [info] 274M used. 'E:\Projects\UNREAL\Fate\FateShooter\ProjectFate\LocalDerivedDataCache\gc': 771G in use, 160G free. Disk writes last 15m00s per 30.0s [000000091111111111111111111110], peak 7.49M/s. Full GC in 2h26m. Lightweight GC in 3m59s.
[25-10-02 16:10:33.604] [gc] [info] 274M used. 'E:\Projects\UNREAL\Fate\FateShooter\ProjectFate\LocalDerivedDataCache\gc': 771G in use, 160G free. Disk writes last 15m00s per 30.0s [000000911111111111111111111110], peak 7.49M/s. Full GC in 2h25m. Lightweight GC in 3m29s.
[25-10-02 16:11:03.618] [gc] [info] 274M used. 'E:\Projects\UNREAL\Fate\FateShooter\ProjectFate\LocalDerivedDataCache\gc': 771G in use, 160G free. Disk writes last 15m00s per 30.0s [000009111111111111111111111110], peak 7.49M/s. Full GC in 2h25m. Lightweight GC in 2m59s.
[25-10-02 16:11:33.628] [gc] [info] 274M used. 'E:\Projects\UNREAL\Fate\FateShooter\ProjectFate\LocalDerivedDataCache\gc': 771G in use, 160G free. Disk writes last 15m00s per 30.0s [000091111111111111111111111110], peak 7.49M/s. Full GC in 2h24m. Lightweight GC in 2m29s.
[25-10-02 16:12:03.636] [gc] [info] 274M used. 'E:\Projects\UNREAL\Fate\FateShooter\ProjectFate\LocalDerivedDataCache\gc': 771G in use, 160G free. Disk writes last 15m00s per 30.0s [000911111111111111111111111110], peak 7.49M/s. Full GC in 2h24m. Lightweight GC in 1m59s.
[25-10-02 16:12:33.647] [gc] [info] 274M used. 'E:\Projects\UNREAL\Fate\FateShooter\ProjectFate\LocalDerivedDataCache\gc': 771G in use, 160G free. Disk writes last 15m00s per 30.0s [009111111111111111111111111110], peak 7.49M/s. Full GC in 2h23m. Lightweight GC in 1m29s.
[25-10-02 16:13:03.663] [gc] [info] 275M used. 'E:\Projects\UNREAL\Fate\FateShooter\ProjectFate\LocalDerivedDataCache\gc': 771G in use, 160G free. Disk writes last 15m00s per 30.0s [091111111111111111111111111110], peak 7.49M/s. Full GC in 2h23m. Lightweight GC in 59.0s.
[25-10-02 16:13:33.674] [gc] [info] 275M used. 'E:\Projects\UNREAL\Fate\FateShooter\ProjectFate\LocalDerivedDataCache\gc': 771G in use, 160G free. Disk writes last 15m00s per 30.0s [911111111111111111111111111110], peak 7.49M/s. Full GC in 2h22m. Lightweight GC in 29.0s.
[25-10-02 16:14:02.686] [gc] [info] 275M used. 'E:\Projects\UNREAL\Fate\FateShooter\ProjectFate\LocalDerivedDataCache\gc': 771G in use, 160G free. Disk writes last 15m00s per 30.0s [911111111111111111111111111111], peak 7.49M/s. Lightweight GC schedule triggered.
[25-10-02 16:14:02.689] [gc] [info] GCV2: STARTING '08f030baa69195c2ff83625d'
                                          GC small objects:            yes
                                          GC Cid store:                no
                                          Cache cutoff time:           2025-09-18T16:14:02
                                          Project store cutoff time:   2025-09-18T16:14:02
                                          Build store cutoff time:     2025-09-25T16:14:02
[25-10-02 16:14:02.689] [gc] [info] GCV2: Removing expired data from 22 referencers
[25-10-02 16:14:02.695] [project] [info] project 'ProjectFate.6642a2b9': opening project at 'E:\Projects\UNREAL\Fate\FateShooter\ProjectFate\LocalDerivedDataCache\projects\ProjectFate.6642a2b9'
[25-10-02 16:14:02.700] [gc] [info] GCV2: Compacting using 21 store compactors
[25-10-02 16:14:02.728] [main] [info] GCV2: cachebucket [COMPACT] 'E:\Projects\UNREAL\Fate\FateShooter\ProjectFate\LocalDerivedDataCache\cache\ns_ue.ddc\fshaderjobcacheshaders': moved 1486 chunks (325K) from '00000002.ucas' to new block, freeing 1.63M
[25-10-02 16:14:02.814] [main] [info] GCV2: cachebucket [COMPACT] 'E:\Projects\UNREAL\Fate\FateShooter\ProjectFate\LocalDerivedDataCache\cache\ns_ue.ddc\fshaderjobcacheshaders': moved 8262 chunks (1.78M) from '00000003.ucas' to new block, freeing 303K
[25-10-02 16:14:02.823] [main] [info] GCV2: cachebucket [COMPACT] 'E:\Projects\UNREAL\Fate\FateShooter\ProjectFate\LocalDerivedDataCache\cache\ns_ue.ddc\fshaderjobcacheshaders': wrote block 00000005.ucas (2.10M)
[25-10-02 16:14:02.827] [main] [info] GCV2: cachebucket [COMPACT] 'E:\Projects\UNREAL\Fate\FateShooter\ProjectFate\LocalDerivedDataCache\cache\ns_ue.ddc\legacycard': moved 109 chunks (24.7K) from '00000002.ucas' to new block, freeing 0B
[25-10-02 16:14:02.829] [main] [info] GCV2: cachebucket [COMPACT] 'E:\Projects\UNREAL\Fate\FateShooter\ProjectFate\LocalDerivedDataCache\cache\ns_ue.ddc\legacycard': moved 2 chunks (368B) from '00000003.ucas' to new block, freeing 0B
[25-10-02 16:14:02.832] [main] [info] GCV2: cachebucket [COMPACT] 'E:\Projects\UNREAL\Fate\FateShooter\ProjectFate\LocalDerivedDataCache\cache\ns_ue.ddc\legacycard': wrote block 00000004.ucas (25.1K)
[25-10-02 16:14:02.835] [main] [info] GCV2: cachebucket [COMPACT] 'E:\Projects\UNREAL\Fate\FateShooter\ProjectFate\LocalDerivedDataCache\cache\ns_ue.ddc\bulkdatapayloadid': moved 21 chunks (2.62K) from '00000002.ucas' to new block, freeing 255B
[25-10-02 16:14:02.837] [main] [info] GCV2: cachebucket [COMPACT] 'E:\Projects\UNREAL\Fate\FateShooter\ProjectFate\LocalDerivedDataCache\cache\ns_ue.ddc\bulkdatapayloadid': moved 2 chunks (256B) from '00000003.ucas' to new block, freeing 0B
[25-10-02 16:14:02.838] [main] [info] GCV2: cachebucket [COMPACT] 'E:\Projects\UNREAL\Fate\FateShooter\ProjectFate\LocalDerivedDataCache\cache\ns_ue.ddc\bulkdatapayloadid': wrote block 00000004.ucas (2.87K)
[25-10-02 16:14:02.873] [main] [info] GCV2: cachebucket [COMPACT] 'E:\Projects\UNREAL\Fate\FateShooter\ProjectFate\LocalDerivedDataCache\cache\ns_ue.ddc\bulkdatalist': moved 3329 chunks (416K) from '00000003.ucas' to new block, freeing 0B
[25-10-02 16:14:02.876] [main] [info] GCV2: cachebucket [COMPACT] 'E:\Projects\UNREAL\Fate\FateShooter\ProjectFate\LocalDerivedDataCache\cache\ns_ue.ddc\bulkdatalist': moved 8 chunks (1K) from '00000004.ucas' to new block, freeing 0B
[25-10-02 16:14:02.878] [main] [info] GCV2: cachebucket [COMPACT] 'E:\Projects\UNREAL\Fate\FateShooter\ProjectFate\LocalDerivedDataCache\cache\ns_ue.ddc\bulkdatalist': wrote block 00000005.ucas (417K)
[25-10-02 16:14:02.889] [main] [info] GCV2: cachebucket [COMPACT] 'E:\Projects\UNREAL\Fate\FateShooter\ProjectFate\LocalDerivedDataCache\cache\ns_ue.ddc\globalshadermap': moved 793 chunks (762K) from '00000000.ucas' to new block, freeing 496K
[25-10-02 16:14:02.897] [main] [info] GCV2: cachebucket [COMPACT] 'E:\Projects\UNREAL\Fate\FateShooter\ProjectFate\LocalDerivedDataCache\cache\ns_ue.ddc\globalshadermap': moved 475 chunks (496K) from '00000001.ucas' to new block, freeing 0B
[25-10-02 16:14:02.902] [main] [info] GCV2: cachebucket [COMPACT] 'E:\Projects\UNREAL\Fate\FateShooter\ProjectFate\LocalDerivedDataCache\cache\ns_ue.ddc\globalshadermap': wrote block 00000002.ucas (1.23M)
[25-10-02 16:14:02.906] [main] [info] GCV2: cachebucket [COMPACT] 'E:\Projects\UNREAL\Fate\FateShooter\ProjectFate\LocalDerivedDataCache\cache\ns_ue.ddc\legacynavcollision': moved 109 chunks (58.1K) from '00000002.ucas' to new block, freeing 0B
[25-10-02 16:14:02.909] [main] [info] GCV2: cachebucket [COMPACT] 'E:\Projects\UNREAL\Fate\FateShooter\ProjectFate\LocalDerivedDataCache\cache\ns_ue.ddc\legacynavcollision': moved 2 chunks (1K) from '00000003.ucas' to new block, freeing 0B
[25-10-02 16:14:02.911] [main] [info] GCV2: cachebucket [COMPACT] 'E:\Projects\UNREAL\Fate\FateShooter\ProjectFate\LocalDerivedDataCache\cache\ns_ue.ddc\legacynavcollision': wrote block 00000004.ucas (59.1K)
[25-10-02 16:14:02.923] [main] [info] GCV2: cachebucket [COMPACT] 'E:\Projects\UNREAL\Fate\FateShooter\ProjectFate\LocalDerivedDataCache\cache\ns_ue.ddc\legacydist': moved 109 chunks (2.25M) from '00000002.ucas' to new block, freeing 0B
[25-10-02 16:14:02.925] [main] [info] GCV2: cachebucket [COMPACT] 'E:\Projects\UNREAL\Fate\FateShooter\ProjectFate\LocalDerivedDataCache\cache\ns_ue.ddc\legacydist': moved 2 chunks (18.9K) from '00000003.ucas' to new block, freeing 0B
[25-10-02 16:14:02.930] [main] [info] GCV2: cachebucket [COMPACT] 'E:\Projects\UNREAL\Fate\FateShooter\ProjectFate\LocalDerivedDataCache\cache\ns_ue.ddc\legacydist': wrote block 00000004.ucas (2.27M)
[25-10-02 16:14:02.932] [main] [info] GCV2: cachebucket [COMPACT] 'E:\Projects\UNREAL\Fate\FateShooter\ProjectFate\LocalDerivedDataCache\cache\ns_ue.ddc\legacygeometrycollection': moved 7 chunks (7.77K) from '00000002.ucas' to new block, freeing 0B
[25-10-02 16:14:02.933] [main] [info] GCV2: cachebucket [COMPACT] 'E:\Projects\UNREAL\Fate\FateShooter\ProjectFate\LocalDerivedDataCache\cache\ns_ue.ddc\legacygeometrycollection': moved 1 chunks (1.11K) from '00000003.ucas' to new block, freeing 0B
[25-10-02 16:14:02.935] [main] [info] GCV2: cachebucket [COMPACT] 'E:\Projects\UNREAL\Fate\FateShooter\ProjectFate\LocalDerivedDataCache\cache\ns_ue.ddc\legacygeometrycollection': wrote block 00000004.ucas (8.87K)
[25-10-02 16:14:02.938] [main] [info] GCV2: cachebucket [COMPACT] 'E:\Projects\UNREAL\Fate\FateShooter\ProjectFate\LocalDerivedDataCache\cache\ns_ue.ddc\materialtranslation': moved 44 chunks (11K) from '00000003.ucas' to new block, freeing 247B
[25-10-02 16:14:02.941] [main] [info] GCV2: cachebucket [COMPACT] 'E:\Projects\UNREAL\Fate\FateShooter\ProjectFate\LocalDerivedDataCache\cache\ns_ue.ddc\materialtranslation': moved 201 chunks (50.2K) from '00000004.ucas' to new block, freeing 9.99K
[25-10-02 16:14:02.944] [main] [info] GCV2: cachebucket [COMPACT] 'E:\Projects\UNREAL\Fate\FateShooter\ProjectFate\LocalDerivedDataCache\cache\ns_ue.ddc\materialtranslation': wrote block 00000006.ucas (61.2K)
[25-10-02 16:14:02.949] [main] [info] GCV2: cachebucket [COMPACT] 'E:\Projects\UNREAL\Fate\FateShooter\ProjectFate\LocalDerivedDataCache\cache\ns_ue.ddc\legacyniagarascriptderiveddata': moved 61 chunks (453K) from '00000000.ucas' to new block, freeing 0B
[25-10-02 16:14:02.958] [main] [info] GCV2: cachebucket [COMPACT] 'E:\Projects\UNREAL\Fate\FateShooter\ProjectFate\LocalDerivedDataCache\cache\ns_ue.ddc\legacyniagarascriptderiveddata': moved 307 chunks (1.68M) from '00000001.ucas' to new block, freeing 3.44K
[25-10-02 16:14:02.964] [main] [info] GCV2: cachebucket [COMPACT] 'E:\Projects\UNREAL\Fate\FateShooter\ProjectFate\LocalDerivedDataCache\cache\ns_ue.ddc\legacyniagarascriptderiveddata': wrote block 00000002.ucas (2.13M)
[25-10-02 16:14:02.967] [main] [info] GCV2: cachebucket [COMPACT] 'E:\Projects\UNREAL\Fate\FateShooter\ProjectFate\LocalDerivedDataCache\cache\ns_ue.ddc\staticmesh': moved 75 chunks (9.56K) from '00000002.ucas' to new block, freeing 4.24K
[25-10-02 16:14:02.968] [main] [info] GCV2: cachebucket [COMPACT] 'E:\Projects\UNREAL\Fate\FateShooter\ProjectFate\LocalDerivedDataCache\cache\ns_ue.ddc\staticmesh': moved 36 chunks (4.50K) from '00000003.ucas' to new block, freeing 0B
[25-10-02 16:14:02.971] [main] [info] GCV2: cachebucket [COMPACT] 'E:\Projects\UNREAL\Fate\FateShooter\ProjectFate\LocalDerivedDataCache\cache\ns_ue.ddc\staticmesh': wrote block 00000004.ucas (14.1K)
[25-10-02 16:14:02.973] [main] [info] GCV2: cachebucket [COMPACT] 'E:\Projects\UNREAL\Fate\FateShooter\ProjectFate\LocalDerivedDataCache\cache\ns_ue.ddc\legacyniagarasm': moved 20 chunks (152K) from '00000000.ucas' to new block, freeing 0B
[25-10-02 16:14:02.976] [main] [info] GCV2: cachebucket [COMPACT] 'E:\Projects\UNREAL\Fate\FateShooter\ProjectFate\LocalDerivedDataCache\cache\ns_ue.ddc\legacyniagarasm': moved 16 chunks (173K) from '00000001.ucas' to new block, freeing 211K
[25-10-02 16:14:02.979] [main] [info] GCV2: cachebucket [COMPACT] 'E:\Projects\UNREAL\Fate\FateShooter\ProjectFate\LocalDerivedDataCache\cache\ns_ue.ddc\legacyniagarasm': wrote block 00000002.ucas (325K)
[25-10-02 16:14:03.148] [main] [info] GCV2: cachebucket [COMPACT] 'E:\Projects\UNREAL\Fate\FateShooter\ProjectFate\LocalDerivedDataCache\cache\ns_ue.ddc\legacyskeletalmesh': moved 15 chunks (107M) from '00000003.ucas' to new block, freeing 0B
[25-10-02 16:14:03.198] [main] [info] GCV2: cachebucket [COMPACT] 'E:\Projects\UNREAL\Fate\FateShooter\ProjectFate\LocalDerivedDataCache\cache\ns_ue.ddc\legacyskeletalmesh': moved 2 chunks (18.5M) from '00000004.ucas' to new block, freeing 0B
[25-10-02 16:14:03.325] [main] [info] GCV2: cachebucket [COMPACT] 'E:\Projects\UNREAL\Fate\FateShooter\ProjectFate\LocalDerivedDataCache\cache\ns_ue.ddc\legacyskeletalmesh': wrote block 00000005.ucas (126M)
[25-10-02 16:14:03.330] [main] [info] GCV2: cachebucket [COMPACT] 'E:\Projects\UNREAL\Fate\FateShooter\ProjectFate\LocalDerivedDataCache\cache\ns_ue.ddc\materialshadermap': moved 272 chunks (332K) from '00000002.ucas' to new block, freeing 43.9K
[25-10-02 16:14:03.332] [main] [info] GCV2: cachebucket [COMPACT] 'E:\Projects\UNREAL\Fate\FateShooter\ProjectFate\LocalDerivedDataCache\cache\ns_ue.ddc\materialshadermap': moved 4 chunks (43.9K) from '00000003.ucas' to new block, freeing 0B
[25-10-02 16:14:03.335] [main] [info] GCV2: cachebucket [COMPACT] 'E:\Projects\UNREAL\Fate\FateShooter\ProjectFate\LocalDerivedDataCache\cache\ns_ue.ddc\materialshadermap': wrote block 00000004.ucas (376K)
[25-10-02 16:14:03.612] [main] [info] GCV2: cachebucket [COMPACT] 'E:\Projects\UNREAL\Fate\FateShooter\ProjectFate\LocalDerivedDataCache\cache\ns_ue.ddc\legacytexture': moved 641 chunks (112M) from '00000003.ucas' to new block, freeing 0B
[25-10-02 16:14:03.646] [main] [info] GCV2: cachebucket [COMPACT] 'E:\Projects\UNREAL\Fate\FateShooter\ProjectFate\LocalDerivedDataCache\cache\ns_ue.ddc\legacytexture': moved 20 chunks (6.60M) from '00000004.ucas' to new block, freeing 538B
[25-10-02 16:14:03.744] [main] [info] GCV2: cachebucket [COMPACT] 'E:\Projects\UNREAL\Fate\FateShooter\ProjectFate\LocalDerivedDataCache\cache\ns_ue.ddc\legacytexture': wrote block 00000005.ucas (119M)
[25-10-02 16:14:03.745] [gc] [info] GCV2: COMPLETED '08f030baa69195c2ff83625d' in 1.05s
                                          GC small objects:            yes
                                          GC Cid store:                no
                                          Cache cutoff time:           2025-09-18T16:14:02
                                          Project store cutoff time:   2025-09-18T16:14:02
                                          Build store cutoff time:     2025-09-25T16:14:02
                                    
                                          Remove Expired Data:         9ms
                                          Found 0 expired items out of 24140, deleted 0
                                          Freed 29.9M on disk and 0B of memory
[25-10-02 16:14:03.747] [gc] [info] garbage collection DONE in 1.06s
[25-10-02 16:14:03.749] [gc] [info] 18.5M used. 'E:\Projects\UNREAL\Fate\FateShooter\ProjectFate\LocalDerivedDataCache\gc': 771G in use, 160G free. Disk writes last 15m00s per 30.0s [144423568379442222446333236792], peak 4.59K/s. Full GC in 2h22m. Lightweight GC in 14m59s.
[25-10-02 16:14:33.757] [gc] [info] 18.5M used. 'E:\Projects\UNREAL\Fate\FateShooter\ProjectFate\LocalDerivedDataCache\gc': 771G in use, 160G free. Disk writes last 15m00s per 30.0s [444235683794422224463332367920], peak 4.59K/s. Full GC in 2h21m. Lightweight GC in 14m29s.
[25-10-02 16:15:03.764] [gc] [info] 18.6M used. 'E:\Projects\UNREAL\Fate\FateShooter\ProjectFate\LocalDerivedDataCache\gc': 771G in use, 160G free. Disk writes last 15m00s per 30.0s [442356837944222244633323679220], peak 4.59K/s. Full GC in 2h21m. Lightweight GC in 13m59s.
[25-10-02 16:15:33.775] [gc] [info] 18.6M used. 'E:\Projects\UNREAL\Fate\FateShooter\ProjectFate\LocalDerivedDataCache\gc': 771G in use, 160G free. Disk writes last 15m00s per 30.0s [423568379442222446333236792220], peak 4.59K/s. Full GC in 2h20m. Lightweight GC in 13m29s.
[25-10-02 16:16:03.788] [gc] [info] 18.6M used. 'E:\Projects\UNREAL\Fate\FateShooter\ProjectFate\LocalDerivedDataCache\gc': 771G in use, 160G free. Disk writes last 15m00s per 30.0s [235683794422224463332367922220], peak 4.59K/s. Full GC in 2h20m. Lightweight GC in 12m59s.
[25-10-02 16:16:33.805] [gc] [info] 18.6M used. 'E:\Projects\UNREAL\Fate\FateShooter\ProjectFate\LocalDerivedDataCache\gc': 773G in use, 159G free. Disk writes last 15m00s per 30.0s [356837944222244633323679222220], peak 4.59K/s. Full GC in 2h19m. Lightweight GC in 12m29s.
[25-10-02 16:17:03.809] [gc] [info] 18.7M used. 'E:\Projects\UNREAL\Fate\FateShooter\ProjectFate\LocalDerivedDataCache\gc': 773G in use, 159G free. Disk writes last 15m00s per 30.0s [568379442222446333236792222220], peak 4.59K/s. Full GC in 2h19m. Lightweight GC in 11m59s.
[25-10-02 16:17:33.815] [gc] [info] 18.7M used. 'E:\Projects\UNREAL\Fate\FateShooter\ProjectFate\LocalDerivedDataCache\gc': 773G in use, 159G free. Disk writes last 15m00s per 30.0s [683794422224463332367922222230], peak 4.59K/s. Full GC in 2h18m. Lightweight GC in 11m29s.
[25-10-02 16:18:03.828] [gc] [info] 18.7M used. 'E:\Projects\UNREAL\Fate\FateShooter\ProjectFate\LocalDerivedDataCache\gc': 773G in use, 159G free. Disk writes last 15m00s per 30.0s [837944222244633323679222222330], peak 4.59K/s. Full GC in 2h18m. Lightweight GC in 10m59s.
[25-10-02 16:18:33.833] [gc] [info] 19.3M used. 'E:\Projects\UNREAL\Fate\FateShooter\ProjectFate\LocalDerivedDataCache\gc': 773G in use, 159G free. Disk writes last 15m00s per 30.0s [379442222446333236792222223330], peak 4.59K/s. Full GC in 2h17m. Lightweight GC in 10m29s.
[25-10-02 16:19:03.841] [gc] [info] 19.3M used. 'E:\Projects\UNREAL\Fate\FateShooter\ProjectFate\LocalDerivedDataCache\gc': 773G in use, 159G free. Disk writes last 15m00s per 30.0s [231111111121111122311111111190], peak 18.7K/s. Full GC in 2h17m. Lightweight GC in 9m59s.
[25-10-02 16:19:33.854] [gc] [info] 31.1M used. 'E:\Projects\UNREAL\Fate\FateShooter\ProjectFate\LocalDerivedDataCache\gc': 773G in use, 159G free. Disk writes last 15m00s per 30.0s [311111111211111223111111111910], peak 18.7K/s. Full GC in 2h16m. Lightweight GC in 9m29s.
[25-10-02 16:20:03.870] [gc] [info] 31.1M used. 'E:\Projects\UNREAL\Fate\FateShooter\ProjectFate\LocalDerivedDataCache\gc': 773G in use, 159G free. Disk writes last 15m00s per 30.0s [111111111111111111111111111190], peak 402K/s. Full GC in 2h16m. Lightweight GC in 8m59s.
[25-10-02 16:20:33.890] [gc] [info] 31.2M used. 'E:\Projects\UNREAL\Fate\FateShooter\ProjectFate\LocalDerivedDataCache\gc': 773G in use, 159G free. Disk writes last 15m00s per 30.0s [111111111111111111111111111910], peak 402K/s. Full GC in 2h15m. Lightweight GC in 8m29s.
[25-10-02 16:21:03.898] [gc] [info] 31.2M used. 'E:\Projects\UNREAL\Fate\FateShooter\ProjectFate\LocalDerivedDataCache\gc': 786G in use, 145G free. Disk writes last 15m00s per 30.0s [111111111111111111111111119110], peak 402K/s. Full GC in 2h15m. Lightweight GC in 7m59s.
[25-10-02 16:21:33.912] [gc] [info] 31.2M used. 'E:\Projects\UNREAL\Fate\FateShooter\ProjectFate\LocalDerivedDataCache\gc': 786G in use, 145G free. Disk writes last 15m00s per 30.0s [111111111111111111111111191110], peak 402K/s. Full GC in 2h14m. Lightweight GC in 7m29s.
[25-10-02 16:22:03.930] [gc] [info] 31.4M used. 'E:\Projects\UNREAL\Fate\FateShooter\ProjectFate\LocalDerivedDataCache\gc': 786G in use, 145G free. Disk writes last 15m00s per 30.0s [111111111111111111111111911100], peak 402K/s. Full GC in 2h14m. Lightweight GC in 6m59s.
[25-10-02 16:22:33.941] [gc] [info] 31.4M used. 'E:\Projects\UNREAL\Fate\FateShooter\ProjectFate\LocalDerivedDataCache\gc': 786G in use, 145G free. Disk writes last 15m00s per 30.0s [111111111111111111111119111010], peak 402K/s. Full GC in 2h13m. Lightweight GC in 6m29s.
[25-10-02 16:23:03.946] [gc] [info] 31.4M used. 'E:\Projects\UNREAL\Fate\FateShooter\ProjectFate\LocalDerivedDataCache\gc': 786G in use, 145G free. Disk writes last 15m00s per 30.0s [111111111111111111111191110100], peak 402K/s. Full GC in 2h13m. Lightweight GC in 5m59s.
[25-10-02 16:23:33.959] [gc] [info] 31.4M used. 'E:\Projects\UNREAL\Fate\FateShooter\ProjectFate\LocalDerivedDataCache\gc': 786G in use, 145G free. Disk writes last 15m00s per 30.0s [111111111111111111111911101010], peak 402K/s. Full GC in 2h12m. Lightweight GC in 5m29s.
[25-10-02 16:24:03.970] [gc] [info] 31.5M used. 'E:\Projects\UNREAL\Fate\FateShooter\ProjectFate\LocalDerivedDataCache\gc': 786G in use, 145G free. Disk writes last 15m00s per 30.0s [111111111111111111119111010110], peak 402K/s. Full GC in 2h12m. Lightweight GC in 4m59s.
[25-10-02 16:24:33.977] [gc] [info] 31.5M used. 'E:\Projects\UNREAL\Fate\FateShooter\ProjectFate\LocalDerivedDataCache\gc': 786G in use, 145G free. Disk writes last 15m00s per 30.0s [111111111111111111191110101110], peak 402K/s. Full GC in 2h11m. Lightweight GC in 4m29s.
[25-10-02 16:25:03.982] [gc] [info] 31.5M used. 'E:\Projects\UNREAL\Fate\FateShooter\ProjectFate\LocalDerivedDataCache\gc': 786G in use, 145G free. Disk writes last 15m00s per 30.0s [111111111111111111911101011100], peak 402K/s. Full GC in 2h11m. Lightweight GC in 3m59s.
[25-10-02 16:25:33.990] [gc] [info] 31.5M used. 'E:\Projects\UNREAL\Fate\FateShooter\ProjectFate\LocalDerivedDataCache\gc': 786G in use, 145G free. Disk writes last 15m00s per 30.0s [111111111111111119111010111000], peak 402K/s. Full GC in 2h10m. Lightweight GC in 3m29s.
[25-10-02 16:26:03.997] [gc] [info] 31.5M used. 'E:\Projects\UNREAL\Fate\FateShooter\ProjectFate\LocalDerivedDataCache\gc': 786G in use, 145G free. Disk writes last 15m00s per 30.0s [111111111111111191110101110000], peak 402K/s. Full GC in 2h10m. Lightweight GC in 2m59s.
[25-10-02 16:26:34.006] [gc] [info] 31.5M used. 'E:\Projects\UNREAL\Fate\FateShooter\ProjectFate\LocalDerivedDataCache\gc': 786G in use, 145G free. Disk writes last 15m00s per 30.0s [111111111111111911101011100000], peak 402K/s. Full GC in 2h09m. Lightweight GC in 2m29s.
[25-10-02 16:27:04.014] [gc] [info] 31.5M used. 'E:\Projects\UNREAL\Fate\FateShooter\ProjectFate\LocalDerivedDataCache\gc': 786G in use, 145G free. Disk writes last 15m00s per 30.0s [111111111111119111010111000000], peak 402K/s. Full GC in 2h09m. Lightweight GC in 1m59s.
